Copyright 1986-1999, 2001-2013 Xilinx, Inc. All Rights Reserved.
-----------------------------------------------------------------------------------
| Tool Version : Vivado v.2013.3 (lin64) Build 329390 Wed Oct 16 18:26:55 MDT 2013
| Date         : Wed Nov 13 21:07:16 2013
| Host         : centosMC running 64-bit CentOS release 6.4 (Final)
| Command      : report_drc
-----------------------------------------------------------------------------------

Report DRC

Table of Contents
-----------------
1. REPORT SUMMARY
2. REPORT DETAILS

1. REPORT SUMMARY
-----------------

REPORT SUMMARY
            Netlist: netlist
          Floorplan: design_1
      Design limits: <entire design considered>
             Checks: defined_DATA_RATE
                     DSP48E1_AregAcascreg
                     Bank IO standard internal Vref conflict
                     Bank IO standard limits
                     Bank IO standard Support
                     Bank IO standard Vcc
                     Bank IO standard Vref utilization
                     Bank IO standard Vref
                     Bank IO standard Termination
                     RXTX_BITSLICE_shared_clkpin_net
                     Input Buffer Connections
                     Missing CFGBVS and CONFIG_VOLTAGE Design Properties
                     Configuration Mode
                     Design Rule Check Disabled
                     Device blockram resources exceeded
                     Clocked by a non-clock net.
                     Unconnected channel
                     DCI Cascade IO standard
                     DCI Cascade with part compatibility
                     DCI Cascade Checks
                     Bank IO standard VRN/VRP Occupied
                     Inconsistent Diff pair IOStandards
                     Inconsistent Diff pair IOStandards
                     Inconsistent Diff pair IOStandards
                     DSP48 Buffering
                     DSP48 Cascade
                     DSP input pipelining
                     DSP input registers
                     DSP output pipelining
                     DSP output registers
                     DSP48E1_PregOpmodeZmuxP
                     Cascade input routing
                     Area group tile alignment
                     Pblock overlap
                     Pblock partition
                     FIFO_SynSameClk
                     RESET_AFTER_RECONFIG only supported on reconfigurable pblocks
                     Black Box Instances
                     IN_TERM / OUT_TERM requirements
                     IO Bus SLR Crossings
                     Number of IOs
                     IOB clock sharing
                     IOs crosstalk to MGT
                     Directionless IOs
                     Differential IO pads
                     Part compatibility for differing bank types.
                     Incompatible BUFGs among compatible parts.
                     MGT not allowed for part compatibility
                     Part compatibility implied prohibits not respected
                     Part compatibility between monolithic and multi-die devices.
                     IOs placed on disallowed sites
                     IOB set reset sharing
                     IOStandard Type
                     INTERNAL_VREF
                     Longest carry chain height
                     HLUTNM on instances assigned to non-overlapping pblocks
                     LOC Excursion
                     LUTNM on instances assigned to non-overlapping pblocks
                     Combinatorial Loop
                     Bidirection LVDS IOs
                     Multiple Driver Nets
                     Crossing SLR boundary
                     Driverless Nets
                     Unspecified I/O Standard
                     defined_IBUF_LOW_PWR
                     connects_TDO
                     Invalid Site Configuration
                     BSCAN_JtagChain
                     Non-Optimal connections to BUFG
                     Unroutable connections to BUFG
                     DRC check of BUFIO loads
                     Clock Placer Checks
                     Placement Constraints Check for Clock Region(s)
                     Design Exceptions
                     Placement Constraints Check for Design Lock
                     DSP Connectivity Checks
                     Unroutable connections to GTH instance
                     Non-Optimal connections which could lead to hold violations
                     IDELAYCTRL DRC Checks
                     IDELAY DRC Checks
                     Dangling IBUFDS output inside IOBUFDS_DIFF_OUT macro 
                     Unroutable connection between IOB and IDDR
                     DRC check between IO and buffer(IBUF/OBUF)
                     IOSTANDARD violations
                     Placement Constraints Check for IO constraints
                     ODELAY Check for 3.3 V standard
                     Inconsistent port properties
                     RAMB output registers
                     connects_I0_connects_I1
                     IO port drives logic
                     Unrouted net
                     Missing Site Driver
                     OSERDES driving OBUF
                     Unconstrained Logical Port
                     Resource utilization
                     VCCAUX_IO unsupported with I/O Standard
                     VCCAUX
                     Vccaux voltage requirement for LVCMOS25
                     VCCOSENSEMODE not supported
                     Runtime intensive exceptions
                     Hold option missing in multicycle path constraint
                     Delay constraint missing on IO port
           Max violations: <unlimited>
         Violations found: 30

2. REPORT DETAILS
-----------------
BUFC-1#1 Warning
Input Buffer Connections  
Input buffer jtag_dbg_block_i/mig_7series_0/u_memc_ui_top_axi/mem_intfc0/ddr_phy_top0/u_ddr_mc_phy_wrapper/gen_dqs_iobuf_HP.gen_dqs_iobuf[0].gen_dqs_diff.u_iobuf_dqs/IBUFDS/IBUFDS_S (in jtag_dbg_block_i/mig_7series_0/u_memc_ui_top_axi/mem_intfc0/ddr_phy_top0/u_ddr_mc_phy_wrapper/gen_dqs_iobuf_HP.gen_dqs_iobuf[0].gen_dqs_diff.u_iobuf_dqs macro) has no loads. An input buffer must drive an internal load.
Related violations: <none>

BUFC-1#2 Warning
Input Buffer Connections  
Input buffer jtag_dbg_block_i/mig_7series_0/u_memc_ui_top_axi/mem_intfc0/ddr_phy_top0/u_ddr_mc_phy_wrapper/gen_dqs_iobuf_HP.gen_dqs_iobuf[1].gen_dqs_diff.u_iobuf_dqs/IBUFDS/IBUFDS_S (in jtag_dbg_block_i/mig_7series_0/u_memc_ui_top_axi/mem_intfc0/ddr_phy_top0/u_ddr_mc_phy_wrapper/gen_dqs_iobuf_HP.gen_dqs_iobuf[1].gen_dqs_diff.u_iobuf_dqs macro) has no loads. An input buffer must drive an internal load.
Related violations: <none>

BUFC-1#3 Warning
Input Buffer Connections  
Input buffer jtag_dbg_block_i/mig_7series_0/u_memc_ui_top_axi/mem_intfc0/ddr_phy_top0/u_ddr_mc_phy_wrapper/gen_dqs_iobuf_HP.gen_dqs_iobuf[2].gen_dqs_diff.u_iobuf_dqs/IBUFDS/IBUFDS_S (in jtag_dbg_block_i/mig_7series_0/u_memc_ui_top_axi/mem_intfc0/ddr_phy_top0/u_ddr_mc_phy_wrapper/gen_dqs_iobuf_HP.gen_dqs_iobuf[2].gen_dqs_diff.u_iobuf_dqs macro) has no loads. An input buffer must drive an internal load.
Related violations: <none>

BUFC-1#4 Warning
Input Buffer Connections  
Input buffer jtag_dbg_block_i/mig_7series_0/u_memc_ui_top_axi/mem_intfc0/ddr_phy_top0/u_ddr_mc_phy_wrapper/gen_dqs_iobuf_HP.gen_dqs_iobuf[3].gen_dqs_diff.u_iobuf_dqs/IBUFDS/IBUFDS_S (in jtag_dbg_block_i/mig_7series_0/u_memc_ui_top_axi/mem_intfc0/ddr_phy_top0/u_ddr_mc_phy_wrapper/gen_dqs_iobuf_HP.gen_dqs_iobuf[3].gen_dqs_diff.u_iobuf_dqs macro) has no loads. An input buffer must drive an internal load.
Related violations: <none>

BUFC-1#5 Warning
Input Buffer Connections  
Input buffer jtag_dbg_block_i/mig_7series_0/u_memc_ui_top_axi/mem_intfc0/ddr_phy_top0/u_ddr_mc_phy_wrapper/gen_dqs_iobuf_HP.gen_dqs_iobuf[4].gen_dqs_diff.u_iobuf_dqs/IBUFDS/IBUFDS_S (in jtag_dbg_block_i/mig_7series_0/u_memc_ui_top_axi/mem_intfc0/ddr_phy_top0/u_ddr_mc_phy_wrapper/gen_dqs_iobuf_HP.gen_dqs_iobuf[4].gen_dqs_diff.u_iobuf_dqs macro) has no loads. An input buffer must drive an internal load.
Related violations: <none>

BUFC-1#6 Warning
Input Buffer Connections  
Input buffer jtag_dbg_block_i/mig_7series_0/u_memc_ui_top_axi/mem_intfc0/ddr_phy_top0/u_ddr_mc_phy_wrapper/gen_dqs_iobuf_HP.gen_dqs_iobuf[5].gen_dqs_diff.u_iobuf_dqs/IBUFDS/IBUFDS_S (in jtag_dbg_block_i/mig_7series_0/u_memc_ui_top_axi/mem_intfc0/ddr_phy_top0/u_ddr_mc_phy_wrapper/gen_dqs_iobuf_HP.gen_dqs_iobuf[5].gen_dqs_diff.u_iobuf_dqs macro) has no loads. An input buffer must drive an internal load.
Related violations: <none>

BUFC-1#7 Warning
Input Buffer Connections  
Input buffer jtag_dbg_block_i/mig_7series_0/u_memc_ui_top_axi/mem_intfc0/ddr_phy_top0/u_ddr_mc_phy_wrapper/gen_dqs_iobuf_HP.gen_dqs_iobuf[6].gen_dqs_diff.u_iobuf_dqs/IBUFDS/IBUFDS_S (in jtag_dbg_block_i/mig_7series_0/u_memc_ui_top_axi/mem_intfc0/ddr_phy_top0/u_ddr_mc_phy_wrapper/gen_dqs_iobuf_HP.gen_dqs_iobuf[6].gen_dqs_diff.u_iobuf_dqs macro) has no loads. An input buffer must drive an internal load.
Related violations: <none>

BUFC-1#8 Warning
Input Buffer Connections  
Input buffer jtag_dbg_block_i/mig_7series_0/u_memc_ui_top_axi/mem_intfc0/ddr_phy_top0/u_ddr_mc_phy_wrapper/gen_dqs_iobuf_HP.gen_dqs_iobuf[7].gen_dqs_diff.u_iobuf_dqs/IBUFDS/IBUFDS_S (in jtag_dbg_block_i/mig_7series_0/u_memc_ui_top_axi/mem_intfc0/ddr_phy_top0/u_ddr_mc_phy_wrapper/gen_dqs_iobuf_HP.gen_dqs_iobuf[7].gen_dqs_diff.u_iobuf_dqs macro) has no loads. An input buffer must drive an internal load.
Related violations: <none>

CFGBVS-1#1 Warning
Missing CFGBVS and CONFIG_VOLTAGE Design Properties  
Neither the CFGBVS nor CONFIG_VOLTAGE voltage property is set in the current_design.  Configuration bank voltage select (CFGBVS) must be set to VCCO or GND, and CONFIG_VOLTAGE must be set to the correct configuration voltage, in order to determine the I/O voltage support for the pins in bank 0.  It is suggested to specify these either using the 'Edit Device Properties' function in the GUI or directly in the XDC file using the following syntax:

 set_property CFGBVS value1 [current_design]
 #where value1 is either VCCO or GND

 set_property CONFIG_VOLTAGE value2 [current_design]
 #where value2 is the voltage provided to configuration bank 0

Refer to the device configuration user guide for more information.
Related violations: <none>

PDRC-61#1 Warning
SLICEM_5lutO5_C5  
Dangling output pin O5 on site SLICE_X66Y96:C5LUT. For this programming the O5 output pin should have a signal.
Related violations: <none>

REQP-1577#1 Warning
Required Pin  
PLLE2_ADV connectivity violation. The signal jtag_dbg_block_i/mig_7series_0/u_ddr3_infrastructure/pll_clk3_out on the jtag_dbg_block_i/mig_7series_0/u_ddr3_infrastructure/plle2_i/CLKOUT3 pin of jtag_dbg_block_i/mig_7series_0/u_ddr3_infrastructure/plle2_i does not drive the same kind of BUFFER load as the other CLKOUT pins. Routing from the different buffer types will not be phase aligned.
Related violations: <none>

XDCH-1#1 Warning
Hold option missing in multicycle path constraint  
A multicycle constraint has been set to override the setup relationship, but no multicycle constraint has been defined to change the hold relationship. As a result, the default hold for those paths is derived from the setup and may not be evaluated as expected.
set_multicycle_path -setup -from [get_clocks -of_objects [get_pins bscan_inst/SERIES7_BSCAN.bscan_inst/UPDATE]] -to [get_clocks -of_objects [get_pins bscan_inst/SERIES7_BSCAN.bscan_inst/DRCK]] 2
/home/sanjayr/projects/KC705/JTAG_VIO_AXI_DEBUGGER/Vivado_2013.3_test_common_dir/axi_jtag_debugger_IPI_example/vivado_prj/project_X/project_X.runs/impl_1/.Xil/Vivado-21647-centosMC/dbg_hub_CV_1/dbg_hub_CV.xdc (Line: 6)
Related violations: <none>

XDCM-1#1 Warning
Delay constraint missing on IO port  
The port 'ddr3_sdram_addr[0], ddr3_sdram_addr[1], ddr3_sdram_addr[2], ddr3_sdram_addr[3], ddr3_sdram_addr[4], ddr3_sdram_addr[5], ddr3_sdram_addr[6], ddr3_sdram_addr[7], ddr3_sdram_addr[8], ddr3_sdram_addr[9], ddr3_sdram_addr[10], ddr3_sdram_addr[11], ddr3_sdram_addr[12], ddr3_sdram_addr[13]' does not have any I/O delay defined. It is necessary to have I/O (input or output) delays defined on all the ports to properly time the FPGA interface.
Related violations: <none>

XDCM-1#2 Warning
Delay constraint missing on IO port  
The port 'ddr3_sdram_ba[0], ddr3_sdram_ba[1], ddr3_sdram_ba[2]' does not have any I/O delay defined. It is necessary to have I/O (input or output) delays defined on all the ports to properly time the FPGA interface.
Related violations: <none>

XDCM-1#3 Warning
Delay constraint missing on IO port  
The port 'ddr3_sdram_cas_n' does not have any I/O delay defined. It is necessary to have I/O (input or output) delays defined on all the ports to properly time the FPGA interface.
Related violations: <none>

XDCM-1#4 Warning
Delay constraint missing on IO port  
The port 'ddr3_sdram_ck_n[0]' does not have any I/O delay defined. It is necessary to have I/O (input or output) delays defined on all the ports to properly time the FPGA interface.
Related violations: <none>

XDCM-1#5 Warning
Delay constraint missing on IO port  
The port 'ddr3_sdram_ck_p[0]' does not have any I/O delay defined. It is necessary to have I/O (input or output) delays defined on all the ports to properly time the FPGA interface.
Related violations: <none>

XDCM-1#6 Warning
Delay constraint missing on IO port  
The port 'ddr3_sdram_cke[0]' does not have any I/O delay defined. It is necessary to have I/O (input or output) delays defined on all the ports to properly time the FPGA interface.
Related violations: <none>

XDCM-1#7 Warning
Delay constraint missing on IO port  
The port 'ddr3_sdram_cs_n[0]' does not have any I/O delay defined. It is necessary to have I/O (input or output) delays defined on all the ports to properly time the FPGA interface.
Related violations: <none>

XDCM-1#8 Warning
Delay constraint missing on IO port  
The port 'ddr3_sdram_dm[0], ddr3_sdram_dm[1], ddr3_sdram_dm[2], ddr3_sdram_dm[3], ddr3_sdram_dm[4], ddr3_sdram_dm[5], ddr3_sdram_dm[6], ddr3_sdram_dm[7]' does not have any I/O delay defined. It is necessary to have I/O (input or output) delays defined on all the ports to properly time the FPGA interface.
Related violations: <none>

XDCM-1#9 Warning
Delay constraint missing on IO port  
The port 'ddr3_sdram_dq[0], ddr3_sdram_dq[1], ddr3_sdram_dq[2], ddr3_sdram_dq[3], ddr3_sdram_dq[4], ddr3_sdram_dq[5], ddr3_sdram_dq[6], ddr3_sdram_dq[7], ddr3_sdram_dq[8], ddr3_sdram_dq[9], ddr3_sdram_dq[10], ddr3_sdram_dq[11], ddr3_sdram_dq[12], ddr3_sdram_dq[13], ddr3_sdram_dq[14], ddr3_sdram_dq[15], ddr3_sdram_dq[16], ddr3_sdram_dq[17], ddr3_sdram_dq[18], ddr3_sdram_dq[19], ddr3_sdram_dq[20], ddr3_sdram_dq[21], ddr3_sdram_dq[22], ddr3_sdram_dq[23], ddr3_sdram_dq[24], ddr3_sdram_dq[25], ddr3_sdram_dq[26], ddr3_sdram_dq[27], ddr3_sdram_dq[28], ddr3_sdram_dq[29], ddr3_sdram_dq[30], ddr3_sdram_dq[31], ddr3_sdram_dq[32], ddr3_sdram_dq[33], ddr3_sdram_dq[34], ddr3_sdram_dq[35], ddr3_sdram_dq[36], ddr3_sdram_dq[37], ddr3_sdram_dq[38], ddr3_sdram_dq[39], ddr3_sdram_dq[40], ddr3_sdram_dq[41], ddr3_sdram_dq[42], ddr3_sdram_dq[43], ddr3_sdram_dq[44], ddr3_sdram_dq[45], ddr3_sdram_dq[46], ddr3_sdram_dq[47], ddr3_sdram_dq[48], ddr3_sdram_dq[49], ddr3_sdram_dq[50], ddr3_sdram_dq[51], ddr3_sdram_dq[52], ddr3_sdram_dq[53], ddr3_sdram_dq[54], ddr3_sdram_dq[55], ddr3_sdram_dq[56], ddr3_sdram_dq[57], ddr3_sdram_dq[58], ddr3_sdram_dq[59], ddr3_sdram_dq[60], ddr3_sdram_dq[61], ddr3_sdram_dq[62], ddr3_sdram_dq[63]' does not have any I/O delay defined. It is necessary to have I/O (input or output) delays defined on all the ports to properly time the FPGA interface.
Related violations: <none>

XDCM-1#10 Warning
Delay constraint missing on IO port  
The port 'ddr3_sdram_dqs_n[0], ddr3_sdram_dqs_n[1], ddr3_sdram_dqs_n[2], ddr3_sdram_dqs_n[3], ddr3_sdram_dqs_n[4], ddr3_sdram_dqs_n[5], ddr3_sdram_dqs_n[6], ddr3_sdram_dqs_n[7]' does not have any I/O delay defined. It is necessary to have I/O (input or output) delays defined on all the ports to properly time the FPGA interface.
Related violations: <none>

XDCM-1#11 Warning
Delay constraint missing on IO port  
The port 'ddr3_sdram_dqs_p[0], ddr3_sdram_dqs_p[1], ddr3_sdram_dqs_p[2], ddr3_sdram_dqs_p[3], ddr3_sdram_dqs_p[4], ddr3_sdram_dqs_p[5], ddr3_sdram_dqs_p[6], ddr3_sdram_dqs_p[7]' does not have any I/O delay defined. It is necessary to have I/O (input or output) delays defined on all the ports to properly time the FPGA interface.
Related violations: <none>

XDCM-1#12 Warning
Delay constraint missing on IO port  
The port 'ddr3_sdram_odt[0]' does not have any I/O delay defined. It is necessary to have I/O (input or output) delays defined on all the ports to properly time the FPGA interface.
Related violations: <none>

XDCM-1#13 Warning
Delay constraint missing on IO port  
The port 'ddr3_sdram_ras_n' does not have any I/O delay defined. It is necessary to have I/O (input or output) delays defined on all the ports to properly time the FPGA interface.
Related violations: <none>

XDCM-1#14 Warning
Delay constraint missing on IO port  
The port 'ddr3_sdram_reset_n' does not have any I/O delay defined. It is necessary to have I/O (input or output) delays defined on all the ports to properly time the FPGA interface.
Related violations: <none>

XDCM-1#15 Warning
Delay constraint missing on IO port  
The port 'ddr3_sdram_we_n' does not have any I/O delay defined. It is necessary to have I/O (input or output) delays defined on all the ports to properly time the FPGA interface.
Related violations: <none>

XDCM-1#16 Warning
Delay constraint missing on IO port  
The port 'reset' does not have any I/O delay defined. It is necessary to have I/O (input or output) delays defined on all the ports to properly time the FPGA interface.
Related violations: <none>

XDCM-1#17 Warning
Delay constraint missing on IO port  
The port 'sys_diff_clock_clk_n' does not have any I/O delay defined. It is necessary to have I/O (input or output) delays defined on all the ports to properly time the FPGA interface.
Related violations: <none>

RTSTAT-10#1 Advisory
No routable loads  
51 net(s) have no routable loads. The first 15 problem net(s) are jtag_dbg_block_i/jtag_axi_debugger_ip_0/inst/u_jtag_axi_debugger_stream_data_if/U_vio_axi_jtag_dbg/inst/probe_out20[8], jtag_dbg_block_i/jtag_axi_debugger_ip_0/inst/u_jtag_axi_debugger_stream_data_if/U_vio_axi_jtag_dbg/inst/probe_out20[9], jtag_dbg_block_i/jtag_axi_debugger_ip_0/inst/u_jtag_axi_debugger_stream_data_if/U_vio_axi_jtag_dbg/inst/probe_out20[10], jtag_dbg_block_i/jtag_axi_debugger_ip_0/inst/u_jtag_axi_debugger_stream_data_if/U_vio_axi_jtag_dbg/inst/probe_out20[11], jtag_dbg_block_i/jtag_axi_debugger_ip_0/inst/u_jtag_axi_debugger_stream_data_if/U_vio_axi_jtag_dbg/inst/probe_out20[12], jtag_dbg_block_i/jtag_axi_debugger_ip_0/inst/u_jtag_axi_debugger_stream_data_if/U_vio_axi_jtag_dbg/inst/probe_out20[13], jtag_dbg_block_i/jtag_axi_debugger_ip_0/inst/u_jtag_axi_debugger_stream_data_if/U_vio_axi_jtag_dbg/inst/probe_out20[14], jtag_dbg_block_i/jtag_axi_debugger_ip_0/inst/u_jtag_axi_debugger_stream_data_if/U_vio_axi_jtag_dbg/inst/probe_out20[15], jtag_dbg_block_i/jtag_axi_debugger_ip_0/inst/u_jtag_axi_debugger_stream_data_if/U_vio_axi_jtag_dbg/inst/probe_out20[16], jtag_dbg_block_i/jtag_axi_debugger_ip_0/inst/u_jtag_axi_debugger_stream_data_if/U_vio_axi_jtag_dbg/inst/probe_out20[17], jtag_dbg_block_i/jtag_axi_debugger_ip_0/inst/u_jtag_axi_debugger_stream_data_if/U_vio_axi_jtag_dbg/inst/probe_out20[18], jtag_dbg_block_i/jtag_axi_debugger_ip_0/inst/u_jtag_axi_debugger_stream_data_if/U_vio_axi_jtag_dbg/inst/probe_out20[19], jtag_dbg_block_i/jtag_axi_debugger_ip_0/inst/u_jtag_axi_debugger_stream_data_if/U_vio_axi_jtag_dbg/inst/probe_out20[20], jtag_dbg_block_i/jtag_axi_debugger_ip_0/inst/u_jtag_axi_debugger_stream_data_if/U_vio_axi_jtag_dbg/inst/probe_out20[21], jtag_dbg_block_i/jtag_axi_debugger_ip_0/inst/u_jtag_axi_debugger_stream_data_if/U_vio_axi_jtag_dbg/inst/probe_out20[22].
Related violations: <none>


