#-----------------------------------------------------------
# Vivado v2014.4 (64-bit)
# SW Build 1071353 on Tue Nov 18 16:47:07 MST 2014
# IP Build 1070531 on Tue Nov 18 01:10:18 MST 2014
# Start of session at: Mon Dec 29 10:29:32 2014
# Process ID: 13346
# Log file: /mnt/projects_MCshare/GIT_HUB_UPDATE_2014_4/AXI_JTAG_DEBUGGER/KINTEX_KC705/axi_jtag_debugger_IP_gen/vivado_project/vivado.log
# Journal file: /mnt/projects_MCshare/GIT_HUB_UPDATE_2014_4/AXI_JTAG_DEBUGGER/KINTEX_KC705/axi_jtag_debugger_IP_gen/vivado_project/vivado.jou
#-----------------------------------------------------------
start_gui
source vivado_project.tcl
# set DEVICE_TYPE xc7k325tffg900-2
# create_project jtag_axi_debugger_ip jtag_axi_debugger_ip -part $DEVICE_TYPE
INFO: [IP_Flow 19-234] Refreshing IP repositories
INFO: [IP_Flow 19-1704] No user IP repositories specified
INFO: [IP_Flow 19-2313] Loaded Vivado IP repository '/home/applications/Xilinx/Vivado/2014.4/data/ip'.
# import_files -force -norecurse {
#     ../../src/jtag_axi_debugger_ip.v
#     ../../src/s2mm_data_gen.v
#     ../../src/mm2s_data_consume.v
#     ../../src/stream_data.v
#     ../../IP/axi_datamover_1024MM_32STR/axi_datamover_1024MM_32STR.xci
#     ../../IP/axi_datamover_512MM_32STR/axi_datamover_512MM_32STR.xci
#     ../../IP/axi_datamover_256MM_32STR/axi_datamover_256MM_32STR.xci
#     ../../IP/axi_datamover_128MM_32STR/axi_datamover_128MM_32STR.xci
#     ../../IP/axi_datamover_64MM_32STR/axi_datamover_64MM_32STR.xci
#     ../../IP/axi_datamover_32MM_32STR/axi_datamover_32MM_32STR.xci
#     ../../IP/axi_mm64_to_axi_lite64/axi_mm64_to_axi_lite64.xci
#     ../../IP/axi_mm32_to_axi_lite32/axi_mm32_to_axi_lite32.xci
#     ../../IP/jtag_axi_debug_fifo_x64/jtag_axi_debug_fifo_x64.xci
#     ../../IP/vio_axi_jtag_dbg/vio_axi_jtag_dbg.xci
# }
import_files: Time (s): cpu = 00:00:11 ; elapsed = 00:01:18 . Memory (MB): peak = 5821.770 ; gain = 12.020 ; free physical = 5741 ; free virtual = 22187
# set_property top jtag_axi_debugger_ip [get_filesets sources_1]
# update_compile_order -fileset sources_1
# update_compile_order -fileset sim_1
update_compile_order: Time (s): cpu = 00:00:07 ; elapsed = 00:00:18 . Memory (MB): peak = 5821.770 ; gain = 0.000 ; free physical = 5721 ; free virtual = 22185
# proc run_rest {} {
# set ROOT_DIR [pwd]
# ipx::package_project -root_dir $ROOT_DIR
# set_property vendor {sanjayr} [ipx::current_core]
# set_property vendor_display_name {sanjayr} [ipx::current_core]
# set_property taxonomy {{/AXI_Infrastructure}} [ipx::current_core]
# ipx::infer_bus_interfaces {{xilinx.com:interface:aximm:1.0}} [ipx::current_core]
# set_property value_validation_list {{1024} {512} {256} {128} {64} {32}} [ipx::get_user_parameter AXI4_MM_DATA_WIDTH [ipx::current_core]]
# set_property value_validation_list {{64} {32}} [ipx::get_user_parameter AXI4_LITE_DATA_WIDTH [ipx::current_core]]
# set_property display_name {AXI4 MM Data Width} [ipx::get_user_parameter AXI4_MM_DATA_WIDTH [ipx::current_core]]
# set_property display_name {AXI4 LITE Data Width} [ipx::get_user_parameter AXI4_LITE_DATA_WIDTH [ipx::current_core]]
# set_property display_name {M_AXI4_LITE} [ipx::get_address_space m_axi4_lite [ipx::current_core]]
# set_property display_name {M_AXI4_MM} [ipx::get_address_space m_axi4_mm [ipx::current_core]]
# set_property supported_families {{virtex7} {Pre-Production} {qvirtex7} {Pre-Production} {kintex7} {Pre-Production} {kintex7l} {Pre-Production} {qkintex7} {Pre-Production} {qkintex7l} {Pre-Production} {artix7} {Pre-Production} {artix7l} {Pre-Production} {artix7} {Pre-Production} {qartix7} {Pre-Production} {zynq} {Pre-Production} {qzynq} {Pre-Production} {azynq} {Pre-Production}} [ipx::current_core]
# set_property company_url {www.xilinx.com} [ipx::current_core]
# 
# ipx::add_bus_interface {AXI_CLK} [ipx::current_core]
# set_property abstraction_type_vlnv {xilinx.com:signal:clock_rtl:1.0} [ipx::get_bus_interface AXI_CLK [ipx::current_core]]
# set_property bus_type_vlnv {xilinx.com:signal:clock:1.0} [ipx::get_bus_interface AXI_CLK [ipx::current_core]]
# set_property display_name {AXI_CLK} [ipx::get_bus_interface AXI_CLK [ipx::current_core]]
# ipx::add_port_map {CLK} [ipx::get_bus_interface AXI_CLK [ipx::current_core]]
# set_property physical_name {sys_clk} [ipx::get_port_map CLK [ipx::get_bus_interface AXI_CLK [ipx::current_core]]]
# ipx::add_bus_parameter {ASSOCIATED_BUSIF} [ipx::get_bus_interface AXI_CLK [ipx::current_core]]
# set_property value {m_axi4_lite:m_axi4_mm} [ipx::get_bus_parameter ASSOCIATED_BUSIF [ipx::get_bus_interface AXI_CLK [ipx::current_core]]]
# 
# 
# update_compile_order -fileset sources_1
# update_compile_order -fileset sim_1
# ipx::save_core [ipx::current_core]
# ipx::check_integrity -quiet [ipx::current_core]
# ipx::archive_core {./jtag_axi_debugger_ip.zip} [ipx::current_core]
# }
run_rest
WARNING: [IP_Flow 19-3899] Cannot get the environment domain name variable for the component vendor name. Setting the vendor name to 'user.org'.
INFO: [IP_Flow 19-2418] Expression "((AXI4_LITE_DATA_WIDTH / 8) - 1)": Will not convert operator '/' to XPATH 'div' to allow integer division if applicable.
INFO: [IP_Flow 19-2418] Expression "((AXI4_MM_DATA_WIDTH / 8) - 1)": Will not convert operator '/' to XPATH 'div' to allow integer division if applicable.
INFO: [IP_Flow 19-2228] Inferred bus interface "sys_signal_clock" of definition type "xilinx.com:signal:clock:1.0".
INFO: [IP_Flow 19-2228] Inferred bus interface "m_axi4_lite" of definition type "xilinx.com:interface:aximm:1.0".
INFO: [IP_Flow 19-2228] Inferred bus interface "m_axi4_mm" of definition type "xilinx.com:interface:aximm:1.0".
WARNING: command 'get_user_parameter' will be removed in the 2014.3 release, use 'get_user_parameters' instead
WARNING: command 'get_user_parameter' will be removed in the 2014.3 release, use 'get_user_parameters' instead
WARNING: command 'get_user_parameter' will be removed in the 2014.3 release, use 'get_user_parameters' instead
WARNING: command 'get_user_parameter' will be removed in the 2014.3 release, use 'get_user_parameters' instead
WARNING: command 'get_address_space' will be removed in the 2014.3 release, use 'get_address_spaces' instead
WARNING: command 'get_address_space' will be removed in the 2014.3 release, use 'get_address_spaces' instead
WARNING: command 'get_bus_interface' will be removed in the 2014.3 release, use 'get_bus_interfaces' instead
WARNING: command 'get_bus_interface' will be removed in the 2014.3 release, use 'get_bus_interfaces' instead
WARNING: command 'get_bus_interface' will be removed in the 2014.3 release, use 'get_bus_interfaces' instead
WARNING: command 'get_bus_interface' will be removed in the 2014.3 release, use 'get_bus_interfaces' instead
WARNING: command 'get_bus_interface' will be removed in the 2014.3 release, use 'get_bus_interfaces' instead
WARNING: command 'get_port_map' will be removed in the 2014.3 release, use 'get_port_maps' instead
WARNING: command 'get_bus_interface' will be removed in the 2014.3 release, use 'get_bus_interfaces' instead
WARNING: command 'get_bus_interface' will be removed in the 2014.3 release, use 'get_bus_interfaces' instead
WARNING: command 'get_bus_parameter' will be removed in the 2014.3 release, use 'get_bus_parameters' instead
INFO: [Vivado 12-3458] The update_compile_order command is not intended for use in the GUI, where compile order updates occur based on project changes and the hierarchy update settings. No update performed.
INFO: [Vivado 12-3458] The update_compile_order command is not intended for use in the GUI, where compile order updates occur based on project changes and the hierarchy update settings. No update performed.
16
exit
INFO: [Common 17-206] Exiting Vivado at Mon Dec 29 10:32:09 2014...
