MIG: 18:50:04 : xml_input_file: board.prj
MIG: 18:50:04 : abs: /home/sanjayr/projects/KC705/JTAG_VIO_AXI_DEBUGGER/Vivado_2013.3_test/axi_jtag_debugger_IPI_example/vivado_prj/project_X/project_X.srcs/sources_1/bd/jtag_dbg_block/ip/jtag_dbg_block_mig_7series_0_0/board.prj
MIG: 18:50:04 : xml_input_file: board.prj
MIG: 18:50:04 : abs: /home/sanjayr/projects/KC705/JTAG_VIO_AXI_DEBUGGER/Vivado_2013.3_test/axi_jtag_debugger_IPI_example/vivado_prj/project_X/project_X.srcs/sources_1/bd/jtag_dbg_block/ip/jtag_dbg_block_mig_7series_0_0/board.prj
MIG: 18:50:04 : In updateAllModelParams
MIG: 18:50:04 : ################# RUNNING MIG BATCH ###################
MIG: 18:50:04 : Writing IN file for 'jtag_dbg_block_mig_7series_0_0'...compDirPath: /home/applications/Xilinx/Vivado/2013.3/data/ip/xilinx/mig_7series_v2_0... instDirPath: /home/sanjayr/projects/KC705/JTAG_VIO_AXI_DEBUGGER/Vivado_2013.3_test/axi_jtag_debugger_IPI_example/vivado_prj/project_X/project_X.srcs/sources_1/bd/jtag_dbg_block/ip/jtag_dbg_block_mig_7series_0_0
MIG: 18:50:04 : synp_flow:  -- synthesis_mode: Other
MIG: 18:50:04 : outputDirectory: /home/sanjayr/projects/KC705/JTAG_VIO_AXI_DEBUGGER/Vivado_2013.3_test/axi_jtag_debugger_IPI_example/vivado_prj/project_X/project_X.srcs/sources_1/bd/jtag_dbg_block/ip/jtag_dbg_block_mig_7series_0_0/_tmp/
MIG: 18:50:04 : vivado_mode: xpg_bd
MIG: 18:50:04 : isPortInterface: 0
MIG: 18:50:04 : isPortInterface: 0
MIG: 18:50:04 : isPortInterface: 0
MIG: 18:50:04 : isPortInterface: 0
MIG: 18:50:04 : isPortInterface: 0
MIG: 18:50:04 : isPortInterface: 0
MIG: 18:50:04 : isPortInterface: 0
MIG: 18:50:04 : isPortInterface: 0
MIG: 18:50:04 : isPortInterface: 0
MIG: 18:50:04 : isPortInterface: 0
MIG: 18:50:04 : isPortInterface: 0
MIG: 18:50:04 : isPortInterface: 0
MIG: 18:50:04 : isPortInterface: 0
MIG: 18:50:04 : isPortInterface: 0
MIG: 18:50:04 : isPortInterface: 0
MIG: 18:50:04 : isPortInterface: 0
MIG: 18:50:04 : isPortInterface: 0
MIG: 18:50:04 : isPortInterface: 0
MIG: 18:50:04 : isPortInterface: 0
MIG: 18:50:04 : isPortInterface: 0
MIG: 18:50:04 : isPortInterface: 0
MIG: 18:50:04 : isPortInterface: 0
MIG: 18:50:04 : isPortInterface: 0
MIG: 18:50:04 : isPortInterface: 0
MIG: 18:50:04 : isPortInterface: 0
MIG: 18:50:04 : isPortInterface: 0
MIG: 18:50:04 : isPortInterface: 0
MIG: 18:50:04 : isPortInterface: 0
MIG: 18:50:04 : isPortInterface: 0
MIG: 18:50:04 : isPortInterface: 0
MIG: 18:50:04 : isPortInterface: 0
MIG: 18:50:04 : isPortInterface: 0
MIG: 18:50:04 : isPortInterface: 0
MIG: 18:50:04 : isPortInterface: 0
MIG: 18:50:04 : isPortInterface: 0
MIG: 18:50:04 : isPortInterface: 0
MIG: 18:50:04 : isPortInterface: 0
MIG: 18:50:04 : isPortInterface: 0
MIG: 18:50:04 : isPortInterface: 0
MIG: 18:50:04 : isPortInterface: 0
MIG: 18:50:04 : isPortInterface: 0
MIG: 18:50:04 : isPortInterface: 0
MIG: 18:50:04 : isPortInterface: 0
MIG: 18:50:04 : isPortInterface: 0
MIG: 18:50:04 : isPortInterface: 0
MIG: 18:50:04 : isPortInterface: 0
MIG: 18:50:04 : isPortInterface: 0
MIG: 18:50:04 : isPortInterface: 0
MIG: 18:50:04 : isPortInterface: 0
MIG: 18:50:04 : isPortInterface: 0
MIG: 18:50:04 : isPortInterface: 0
MIG: 18:50:04 : isPortInterface: 0
MIG: 18:50:04 : isPortInterface: 0
MIG: 18:50:04 : isPortInterface: 0
MIG: 18:50:04 : isPortInterface: 0
MIG: 18:50:04 : isPortInterface: 0
MIG: 18:50:04 : isPortInterface: 0
MIG: 18:50:04 : isPortInterface: 0
MIG: 18:50:04 : isPortInterface: 0
MIG: 18:50:04 : isPortInterface: 0
MIG: 18:50:04 : isPortInterface: 0
MIG: 18:50:04 : isPortInterface: 0
MIG: 18:50:04 : isPortInterface: 0
MIG: 18:50:04 : isPortInterface: 0
MIG: 18:50:04 : isPortInterface: 0
MIG: 18:50:04 : isPortInterface: 0
MIG: 18:50:04 : isPortInterface: 0
MIG: 18:50:04 : isPortInterface: 0
MIG: 18:50:04 : isPortInterface: 0
MIG: 18:50:04 : isPortInterface: 0
MIG: 18:50:04 : isPortInterface: 0
MIG: 18:50:04 : isPortInterface: 0
MIG: 18:50:04 : isPortInterface: 0
MIG: 18:50:04 : isPortInterface: 0
MIG: 18:50:04 : isPortInterface: 0
MIG: 18:50:04 : isPortInterface: 0
MIG: 18:50:04 : isPortInterface: 0
MIG: 18:50:04 : isPortInterface: 0
MIG: 18:50:04 : isPortInterface: 0
MIG: 18:50:04 : isPortInterface: 0
MIG: 18:50:04 : isPortInterface: 0
MIG: 18:50:04 : isPortInterface: 0
MIG: 18:50:04 : isPortInterface: 0
MIG: 18:50:04 : isPortInterface: 0
MIG: 18:50:04 : isPortInterface: 0
MIG: 18:50:04 : isPortInterface: 0
MIG: 18:50:04 : isPortInterface: 0
MIG: 18:50:04 : isPortInterface: 0
MIG: 18:50:04 : isPortInterface: 0
MIG: 18:50:04 : isPortInterface: 0
MIG: 18:50:04 : isPortInterface: 0
MIG: 18:50:04 : isPortInterface: 0
MIG: 18:50:04 : isPortInterface: 0
MIG: 18:50:04 : isPortInterface: 0
MIG: 18:50:04 : isPortInterface: 0
MIG: 18:50:04 : isPortInterface: 0
MIG: 18:50:04 : isPortInterface: 0
MIG: 18:50:04 : isPortInterface: 0
MIG: 18:50:04 : isPortInterface: 0
MIG: 18:50:04 : isPortInterface: 0
MIG: 18:50:04 : isPortInterface: 0
MIG: 18:50:04 : isPortInterface: 0
MIG: 18:50:04 : isPortInterface: 0
MIG: 18:50:04 : isPortInterface: 0
MIG: 18:50:04 : isPortInterface: 0
MIG: 18:50:04 : isPortInterface: 0
MIG: 18:50:04 : isPortInterface: 0
MIG: 18:50:04 : isPortInterface: 0
MIG: 18:50:04 : isPortInterface: 0
MIG: 18:50:04 : isPortInterface: 0
MIG: 18:50:04 : isPortInterface: 0
MIG: 18:50:04 : isPortInterface: 0
MIG: 18:50:04 : isPortInterface: 0
MIG: 18:50:04 : isPortInterface: 0
MIG: 18:50:04 : isPortInterface: 0
MIG: 18:50:04 : isPortInterface: 0
MIG: 18:50:04 : isPortInterface: 0
MIG: 18:50:04 : isPortInterface: 0
MIG: 18:50:04 : isPortInterface: 0
MIG: 18:50:04 : isPortInterface: 0
MIG: 18:50:04 : isPortInterface: 0
MIG: 18:50:04 : isPortInterface: 0
MIG: 18:50:04 : isPortInterface: 0
MIG: 18:50:04 : isPortInterface: 0
MIG: 18:50:04 : isPortInterface: 0
MIG: 18:50:04 : isPortInterface: 0
MIG: 18:50:04 : isPortInterface: 0
MIG: 18:50:04 : isPortInterface: 0
MIG: 18:50:04 : isPortInterface: 0
MIG: 18:50:04 : isPortInterface: 0
MIG: 18:50:04 : isPortInterface: 0
MIG: 18:50:04 : isPortInterface: 0
MIG: 18:50:04 : isPortInterface: 0
MIG: 18:50:04 : isPortInterface: 0
MIG: 18:50:04 : isPortInterface: 0
MIG: 18:50:04 : isPortInterface: 0
MIG: 18:50:04 : isPortInterface: 0
MIG: 18:50:04 : isPortInterface: 0
MIG: 18:50:04 : isPortInterface: 0
MIG: 18:50:04 : isPortInterface: 0
MIG: 18:50:04 : isPortInterface: 0
MIG: 18:50:04 : isPortInterface: 0
MIG: 18:50:04 : isPortInterface: 0
MIG: 18:50:04 : isPortInterface: 0
MIG: 18:50:04 : isPortInterface: 0
MIG: 18:50:04 : isPortInterface: 0
MIG: 18:50:04 : isPortInterface: 0
MIG: 18:50:04 : isPortInterface: 0
MIG: 18:50:04 : isPortInterface: 0
MIG: 18:50:04 : isPortInterface: 0
MIG: 18:50:04 : isPortInterface: 0
MIG: 18:50:04 : isPortInterface: 0
MIG: 18:50:04 : isPortInterface: 0
MIG: 18:50:04 : isPortInterface: 0
MIG: 18:50:04 : isPortInterface: 0
MIG: 18:50:04 : isPortInterface: 0
MIG: 18:50:04 : isPortInterface: 0
MIG: 18:50:04 : isPortInterface: 0
MIG: 18:50:04 : isPortInterface: 0
MIG: 18:50:04 : isPortInterface: 0
MIG: 18:50:04 : isPortInterface: 0
MIG: 18:50:04 : isPortInterface: 0
MIG: 18:50:04 : isPortInterface: 0
MIG: 18:50:04 : isPortInterface: 0
MIG: 18:50:04 : isPortInterface: 0
MIG: 18:50:04 : isPortInterface: 0
MIG: 18:50:04 : isPortInterface: 0
MIG: 18:50:04 : isPortInterface: 0
MIG: 18:50:04 : isPortInterface: 0
MIG: 18:50:04 : isPortInterface: 0
MIG: 18:50:04 : isPortInterface: 0
MIG: 18:50:04 : isPortInterface: 0
MIG: 18:50:04 : isPortInterface: 0
MIG: 18:50:04 : isPortInterface: 0
MIG: 18:50:04 : isPortInterface: 0
MIG: 18:50:04 : isPortInterface: 0
MIG: 18:50:04 : isPortInterface: 0
MIG: 18:50:04 : isPortInterface: 0
MIG: 18:50:04 : isPortInterface: 0
MIG: 18:50:04 : isPortInterface: 0
MIG: 18:50:04 : isPortInterface: 0
MIG: 18:50:04 : isPortInterface: 0
MIG: 18:50:04 : isPortInterface: 0
MIG: 18:50:04 : isPortInterface: 0
MIG: 18:50:04 : isPortInterface: 0
MIG: 18:50:04 : isPortInterface: 0
MIG: 18:50:04 : isPortInterface: 1
MIG: 18:50:04 : isPortInterface: 0
MIG: 18:50:04 : isPortInterface: 0
MIG: 18:50:04 : isPortInterface: 0
MIG: 18:50:04 : isPortInterface: 0
MIG: 18:50:04 : isPortInterface: 0
MIG: 18:50:04 : isPortInterface: 0
MIG: 18:50:04 : isPortInterface: 0
MIG: 18:50:04 : isPortInterface: 0
MIG: 18:50:04 : isPortInterface: 0
MIG: 18:50:04 : isPortInterface: 0
MIG: 18:50:04 : HDL Language: Verilog
MIG: 18:50:04 : compInfo: true
MIG: 18:50:04 : Vivado Options xc7k325t ffg900 -2
MIG: 18:50:04 : 1: xc7k325t 2: ffg900 3: -2
MIG: 18:50:04 : Running /home/applications/Xilinx/Vivado/2013.3/ids_lite/ISE/coregen/ip/xilinx/other/com/xilinx/ip/mig_7series_v2_0/bin/lin64/mig -cg_exc_inp /home/sanjayr/projects/KC705/JTAG_VIO_AXI_DEBUGGER/Vivado_2013.3_test/axi_jtag_debugger_IPI_example/vivado_prj/project_X/project_X.srcs/sources_1/bd/jtag_dbg_block/ip/jtag_dbg_block_mig_7series_0_0/xil_txt.in -cg_exc_out /home/sanjayr/projects/KC705/JTAG_VIO_AXI_DEBUGGER/Vivado_2013.3_test/axi_jtag_debugger_IPI_example/vivado_prj/project_X/project_X.srcs/sources_1/bd/jtag_dbg_block/ip/jtag_dbg_block_mig_7series_0_0/xil_txt.out ... 
MIG: 18:50:12 : XML_INPUT_FILE: /home/sanjayr/projects/KC705/JTAG_VIO_AXI_DEBUGGER/Vivado_2013.3_test/axi_jtag_debugger_IPI_example/vivado_prj/project_X/project_X.srcs/sources_1/bd/jtag_dbg_block/ip/jtag_dbg_block_mig_7series_0_0/board.prj
MIG: 18:50:12 : Component_Name: jtag_dbg_block_mig_7series_0_0
MIG: 18:50:12 : Moving jtag_dbg_block_mig_7series_0_0.veo ...
MIG: 18:50:12 : Moving jtag_dbg_block_mig_7series_0_0_xmdf.tcl ...
MIG: 18:50:12 : Moving jtag_dbg_block_mig_7series_0_0 ...
MIG: 18:50:12 : XGUI hdlLanguage: Verilog
MIG: 18:50:12 : xgui vivado_mode: xpg_bd
MIG: 18:50:12 : xgui hdlLanguage: Verilog -- hdlExt: v
MIG: 18:50:12 : Reading /home/sanjayr/projects/KC705/JTAG_VIO_AXI_DEBUGGER/Vivado_2013.3_test/axi_jtag_debugger_IPI_example/vivado_prj/project_X/project_X.srcs/sources_1/bd/jtag_dbg_block/ip/jtag_dbg_block_mig_7series_0_0/jtag_dbg_block_mig_7series_0_0/user_design/rtl/jtag_dbg_block_mig_7series_0_0.v ...
MIG: 18:50:13 : 1
MIG: 18:50:13 : Inside fn mem: DDR3
MIG: 18:50:13 : QDRII+ Inside fn ui: 100000000
MIG: 18:50:13 : 
MIG: 18:50:13 : 1
MIG: 18:50:13 : 100000000
MIG: 18:50:13 : 
MIG: 18:50:13 :  polarity_value: 0
MIG: 18:50:13 : ACTIVE_HIGH
MIG: 18:50:13 : 
MIG: 18:50:13 : 
MIG: 18:50:13 :  Valid Param: DDR3_BANK_WIDTH ==> 3
MIG: 18:50:13 : 
MIG: 18:50:13 :  Valid Param: DDR3_CK_WIDTH ==> 1
MIG: 18:50:13 :  Invalid Param: DDR3_COL_WIDTH ==> 10
MIG: 18:50:13 : 
MIG: 18:50:13 :  Valid Param: DDR3_CS_WIDTH ==> 1
MIG: 18:50:13 : 
MIG: 18:50:13 :  Valid Param: DDR3_nCS_PER_RANK ==> 1
MIG: 18:50:13 : 
MIG: 18:50:13 :  Valid Param: DDR3_CKE_WIDTH ==> 1
MIG: 18:50:13 :  Invalid Param: DDR3_DATA_BUF_ADDR_WIDTH ==> 5
MIG: 18:50:13 :  Invalid Param: DDR3_DQ_CNT_WIDTH ==> 6
MIG: 18:50:13 :  Invalid Param: DDR3_DQ_PER_DM ==> 8
MIG: 18:50:13 : 8
MIG: 18:50:13 :  Valid Param: DDR3_DM_WIDTH ==> 8
MIG: 18:50:13 : 64
MIG: 18:50:13 :  Valid Param: DDR3_DQ_WIDTH ==> 64
MIG: 18:50:13 : 8
MIG: 18:50:13 :  Valid Param: DDR3_DQS_WIDTH ==> 8
MIG: 18:50:13 : 3
MIG: 18:50:13 :  Valid Param: DDR3_DQS_CNT_WIDTH ==> 3
MIG: 18:50:13 :  Invalid Param: DDR3_DRAM_WIDTH ==> 8
MIG: 18:50:13 : 
MIG: 18:50:13 :  Valid Param: ECC ==> OFF
MIG: 18:50:13 : 64
MIG: 18:50:13 :  Valid Param: DDR3_DATA_WIDTH ==> 64
MIG: 18:50:13 :  Invalid Param: ECC_TEST ==> "OFF"
MIG: 18:50:13 :  Invalid Param: DDR3_PAYLOAD_WIDTH ==> (ECC_TEST == "OFF") ? DATA_WIDTH : DQ_WIDTH
MIG: 18:50:13 :  Invalid Param: DDR3_MEM_ADDR_ORDER ==> "BANK_ROW_COLUMN"
MIG: 18:50:13 :  Invalid Param: DDR3_nBANK_MACHS ==> 4
MIG: 18:50:13 :  Invalid Param: DDR3_RANKS ==> 1
MIG: 18:50:13 : 
MIG: 18:50:13 :  Valid Param: DDR3_ODT_WIDTH ==> 1
MIG: 18:50:13 : 
MIG: 18:50:13 :  Valid Param: DDR3_ROW_WIDTH ==> 14
MIG: 18:50:13 : 28
MIG: 18:50:13 :  Valid Param: DDR3_ADDR_WIDTH ==> 28
MIG: 18:50:13 : 
MIG: 18:50:13 :  Valid Param: DDR3_USE_CS_PORT ==> 1
MIG: 18:50:13 : 
MIG: 18:50:13 :  Valid Param: DDR3_USE_DM_PORT ==> 1
MIG: 18:50:13 : 
MIG: 18:50:13 :  Valid Param: DDR3_USE_ODT_PORT ==> 1
MIG: 18:50:13 :  Invalid Param: DDR3_IS_CLK_SHARED ==> "FALSE"
MIG: 18:50:13 :  Invalid Param: DDR3_PHY_CONTROL_MASTER_BANK ==> 1
MIG: 18:50:13 :  Invalid Param: DDR3_MEM_DENSITY ==> "1Gb"
MIG: 18:50:13 :  Invalid Param: DDR3_MEM_SPEEDGRADE ==> "125"
MIG: 18:50:13 :  Invalid Param: DDR3_MEM_DEVICE_WIDTH ==> 8
MIG: 18:50:13 :  Invalid Param: DDR3_AL ==> "0"
MIG: 18:50:13 :  Invalid Param: DDR3_nAL ==> 0
MIG: 18:50:13 :  Invalid Param: DDR3_BURST_MODE ==> "8"
MIG: 18:50:13 :  Invalid Param: DDR3_BURST_TYPE ==> "SEQ"
MIG: 18:50:13 :  Invalid Param: DDR3_CL ==> 6
MIG: 18:50:13 :  Invalid Param: DDR3_CWL ==> 5
MIG: 18:50:13 :  Invalid Param: DDR3_OUTPUT_DRV ==> "HIGH"
MIG: 18:50:13 :  Invalid Param: DDR3_RTT_NOM ==> "40"
MIG: 18:50:13 :  Invalid Param: DDR3_RTT_WR ==> "OFF"
MIG: 18:50:13 :  Invalid Param: DDR3_ADDR_CMD_MODE ==> "1T"
MIG: 18:50:13 : 
MIG: 18:50:13 :  Valid Param: DDR3_REG_CTRL ==> OFF
MIG: 18:50:13 :  Invalid Param: DDR3_CA_MIRROR ==> "OFF"
MIG: 18:50:13 :  Invalid Param: DDR3_VDD_OP_VOLT ==> "150"
MIG: 18:50:13 :  Invalid Param: DDR3_CLKIN_PERIOD ==> 5000
MIG: 18:50:13 :  Invalid Param: DDR3_CLKFBOUT_MULT ==> 4
MIG: 18:50:13 :  Invalid Param: DDR3_DIVCLK_DIVIDE ==> 1
MIG: 18:50:13 :  Invalid Param: DDR3_CLKOUT0_PHASE ==> 337.5
MIG: 18:50:13 :  Invalid Param: DDR3_CLKOUT0_DIVIDE ==> 2
MIG: 18:50:13 :  Invalid Param: DDR3_CLKOUT1_DIVIDE ==> 2
MIG: 18:50:13 :  Invalid Param: DDR3_CLKOUT2_DIVIDE ==> 32
MIG: 18:50:13 :  Invalid Param: DDR3_CLKOUT3_DIVIDE ==> 8
MIG: 18:50:13 :  Invalid Param: DDR3_tCKE ==> 5000
MIG: 18:50:13 :  Invalid Param: DDR3_tFAW ==> 30000
MIG: 18:50:13 :  Invalid Param: DDR3_tPRDI ==> 1_000_000
MIG: 18:50:13 :  Invalid Param: DDR3_tRAS ==> 35000
MIG: 18:50:13 :  Invalid Param: DDR3_tRCD ==> 13125
MIG: 18:50:13 :  Invalid Param: DDR3_tREFI ==> 7800000
MIG: 18:50:13 :  Invalid Param: DDR3_tRFC ==> 110000
MIG: 18:50:13 :  Invalid Param: DDR3_tRP ==> 13125
MIG: 18:50:13 :  Invalid Param: DDR3_tRRD ==> 6000
MIG: 18:50:13 :  Invalid Param: DDR3_tRTP ==> 7500
MIG: 18:50:13 :  Invalid Param: DDR3_tWTR ==> 7500
MIG: 18:50:13 :  Invalid Param: DDR3_tZQI ==> 128_000_000
MIG: 18:50:13 :  Invalid Param: DDR3_tZQCS ==> 64
MIG: 18:50:13 :  Invalid Param: DDR3_SIM_BYPASS_INIT_CAL ==> "OFF"
MIG: 18:50:13 :  Invalid Param: DDR3_SIMULATION ==> "FALSE"
MIG: 18:50:13 :  Invalid Param: DDR3_BYTE_LANES_B0 ==> 4'b1111
MIG: 18:50:13 :  Invalid Param: DDR3_BYTE_LANES_B1 ==> 4'b0111
MIG: 18:50:13 :  Invalid Param: DDR3_BYTE_LANES_B2 ==> 4'b1111
MIG: 18:50:13 :  Invalid Param: DDR3_BYTE_LANES_B3 ==> 4'b0000
MIG: 18:50:13 :  Invalid Param: DDR3_BYTE_LANES_B4 ==> 4'b0000
MIG: 18:50:13 :  Invalid Param: DDR3_DATA_CTL_B0 ==> 4'b1111
MIG: 18:50:13 :  Invalid Param: DDR3_DATA_CTL_B1 ==> 4'b0000
MIG: 18:50:13 :  Invalid Param: DDR3_DATA_CTL_B2 ==> 4'b1111
MIG: 18:50:13 :  Invalid Param: DDR3_DATA_CTL_B3 ==> 4'b0000
MIG: 18:50:13 :  Invalid Param: DDR3_DATA_CTL_B4 ==> 4'b0000
MIG: 18:50:13 :  Invalid Param: DDR3_PHY_0_BITLANES ==> 48'h3FE_3FE_3FE_2FF
MIG: 18:50:13 :  Invalid Param: DDR3_PHY_1_BITLANES ==> 48'h000_CB0_473_FFF
MIG: 18:50:13 :  Invalid Param: DDR3_PHY_2_BITLANES ==> 48'h3FE_3FE_3FE_2FF
MIG: 18:50:13 :  Invalid Param: DDR3_CK_BYTE_MAP ==> 144'h00_00_00_00_00_00_00_00_00_00_00_00_00_00_00_00_00_11
MIG: 18:50:13 :  Invalid Param: DDR3_ADDR_MAP ==> 192'h000_000_111_110_109_108_107_106_10B_10A_105_104_103_102_101_100
MIG: 18:50:13 :  Invalid Param: DDR3_BANK_MAP ==> 36'h11A_115_114
MIG: 18:50:13 :  Invalid Param: DDR3_CAS_MAP ==> 12'h12A
MIG: 18:50:13 :  Invalid Param: DDR3_CKE_ODT_BYTE_MAP ==> 8'h00
MIG: 18:50:13 :  Invalid Param: DDR3_CKE_MAP ==> 96'h000_000_000_000_000_000_000_116
MIG: 18:50:13 :  Invalid Param: DDR3_ODT_MAP ==> 96'h000_000_000_000_000_000_000_127
MIG: 18:50:13 :  Invalid Param: DDR3_CS_MAP ==> 120'h000_000_000_000_000_000_000_000_000_12B
MIG: 18:50:13 :  Invalid Param: DDR3_PARITY_MAP ==> 12'h000
MIG: 18:50:13 :  Invalid Param: DDR3_RAS_MAP ==> 12'h125
MIG: 18:50:13 :  Invalid Param: DDR3_WE_MAP ==> 12'h124
MIG: 18:50:13 :  Invalid Param: DDR3_DQS_BYTE_MAP ==> 144'h00_00_00_00_00_00_00_00_00_00_03_02_01_00_23_22_21_20
MIG: 18:50:13 :  Invalid Param: DDR3_DATA0_MAP ==> 96'h200_209_206_203_204_205_202_207
MIG: 18:50:13 :  Invalid Param: DDR3_DATA1_MAP ==> 96'h219_218_214_215_217_212_216_213
MIG: 18:50:13 :  Invalid Param: DDR3_DATA2_MAP ==> 96'h225_224_229_226_223_222_228_227
MIG: 18:50:13 :  Invalid Param: DDR3_DATA3_MAP ==> 96'h238_236_234_233_235_237_232_239
MIG: 18:50:13 :  Invalid Param: DDR3_DATA4_MAP ==> 96'h005_003_000_009_007_006_004_002
MIG: 18:50:13 :  Invalid Param: DDR3_DATA5_MAP ==> 96'h013_012_018_019_015_014_017_016
MIG: 18:50:13 :  Invalid Param: DDR3_DATA6_MAP ==> 96'h023_027_022_029_024_025_028_026
MIG: 18:50:13 :  Invalid Param: DDR3_DATA7_MAP ==> 96'h039_037_033_032_035_034_038_036
MIG: 18:50:13 :  Invalid Param: DDR3_DATA8_MAP ==> 96'h000_000_000_000_000_000_000_000
MIG: 18:50:13 :  Invalid Param: DDR3_DATA9_MAP ==> 96'h000_000_000_000_000_000_000_000
MIG: 18:50:13 :  Invalid Param: DDR3_DATA10_MAP ==> 96'h000_000_000_000_000_000_000_000
MIG: 18:50:13 :  Invalid Param: DDR3_DATA11_MAP ==> 96'h000_000_000_000_000_000_000_000
MIG: 18:50:13 :  Invalid Param: DDR3_DATA12_MAP ==> 96'h000_000_000_000_000_000_000_000
MIG: 18:50:13 :  Invalid Param: DDR3_DATA13_MAP ==> 96'h000_000_000_000_000_000_000_000
MIG: 18:50:13 :  Invalid Param: DDR3_DATA14_MAP ==> 96'h000_000_000_000_000_000_000_000
MIG: 18:50:13 :  Invalid Param: DDR3_DATA15_MAP ==> 96'h000_000_000_000_000_000_000_000
MIG: 18:50:13 :  Invalid Param: DDR3_DATA16_MAP ==> 96'h000_000_000_000_000_000_000_000
MIG: 18:50:13 :  Invalid Param: DDR3_DATA17_MAP ==> 96'h000_000_000_000_000_000_000_000
MIG: 18:50:13 :  Invalid Param: DDR3_MASK0_MAP ==> 108'h000_031_021_011_001_231_221_211_201
MIG: 18:50:13 :  Invalid Param: DDR3_MASK1_MAP ==> 108'h000_000_000_000_000_000_000_000_000
MIG: 18:50:13 :  Invalid Param: DDR3_SLOT_0_CONFIG ==> 8'b0000_0001
MIG: 18:50:13 :  Invalid Param: DDR3_SLOT_1_CONFIG ==> 8'b0000_0000
MIG: 18:50:13 :  Invalid Param: DDR3_IBUF_LPWR_MODE ==> "OFF"
MIG: 18:50:13 :  Invalid Param: DDR3_DATA_IO_IDLE_PWRDWN ==> "ON"
MIG: 18:50:13 :  Invalid Param: DDR3_BANK_TYPE ==> "HP_IO"
MIG: 18:50:13 :  Invalid Param: DDR3_DATA_IO_PRIM_TYPE ==> "HP_LP"
MIG: 18:50:13 :  Invalid Param: DDR3_CKE_ODT_AUX ==> "FALSE"
MIG: 18:50:13 :  Invalid Param: DDR3_USER_REFRESH ==> "OFF"
MIG: 18:50:13 :  Invalid Param: DDR3_WRLVL ==> "ON"
MIG: 18:50:13 :  Invalid Param: DDR3_ORDERING ==> "NORM"
MIG: 18:50:13 :  Invalid Param: DDR3_CALIB_ROW_ADD ==> 16'h0000
MIG: 18:50:13 :  Invalid Param: DDR3_CALIB_COL_ADD ==> 12'h000
MIG: 18:50:13 :  Invalid Param: DDR3_CALIB_BA_ADD ==> 3'h0
MIG: 18:50:13 :  Invalid Param: DDR3_TCQ ==> 100
MIG: 18:50:13 :  Invalid Param: DDR3_IODELAY_GRP ==> "JTAG_DBG_BLOCK_MIG_7SERIES_0_0_IODELAY_MIG"
MIG: 18:50:13 :  Invalid Param: DDR3_SYSCLK_TYPE ==> "DIFFERENTIAL"
MIG: 18:50:13 :  Invalid Param: DDR3_REFCLK_TYPE ==> "USE_SYSTEM_CLOCK"
MIG: 18:50:13 :  Invalid Param: DDR3_SYS_RST_PORT ==> "FALSE"
MIG: 18:50:13 :  Invalid Param: DDR3_CMD_PIPE_PLUS1 ==> "ON"
MIG: 18:50:13 :  Invalid Param: DDR3_DRAM_TYPE ==> "DDR3"
MIG: 18:50:13 :  Invalid Param: DDR3_CAL_WIDTH ==> "HALF"
MIG: 18:50:13 :  Invalid Param: DDR3_STARVE_LIMIT ==> 2
MIG: 18:50:13 :  Invalid Param: DDR3_REFCLK_FREQ ==> 200.0
MIG: 18:50:13 :  Invalid Param: DDR3_DIFF_TERM_REFCLK ==> "TRUE"
MIG: 18:50:13 :  Invalid Param: DDR3_tCK ==> 2500
MIG: 18:50:13 : 4
MIG: 18:50:13 :  Valid Param: DDR3_nCK_PER_CLK ==> 4
MIG: 18:50:13 :  Invalid Param: DDR3_DIFF_TERM_SYSCLK ==> "FALSE"
MIG: 18:50:13 : 
MIG: 18:50:13 :  Valid Param: UI_EXTRA_CLOCKS ==> FALSE
MIG: 18:50:13 : 1
MIG: 18:50:13 :  Valid Param: C_S_AXI_ID_WIDTH ==> 1
MIG: 18:50:13 : 1073741824
MIG: 18:50:13 :  Valid Param: C_S_AXI_MEM_SIZE ==> 1073741824
MIG: 18:50:13 : 
MIG: 18:50:13 :  Valid Param: C_S_AXI_ADDR_WIDTH ==> 32
MIG: 18:50:13 : 
MIG: 18:50:13 :  Valid Param: C_S_AXI_DATA_WIDTH ==> 32
MIG: 18:50:13 :  Invalid Param: DDR3_C_MC_nCK_PER_CLK ==> 4
MIG: 18:50:13 :  Invalid Param: C_S_AXI_SUPPORTS_NARROW_BURST ==> 0
MIG: 18:50:13 :  Invalid Param: DDR3_C_RD_WR_ARB_ALGORITHM ==> "RD_PRI_REG"
MIG: 18:50:13 :  Invalid Param: C_S_AXI_REG_EN0 ==> 20'h00000
MIG: 18:50:13 :  Invalid Param: C_S_AXI_REG_EN1 ==> 20'h00000
MIG: 18:50:13 : 
MIG: 18:50:13 :  Valid Param: C_S_AXI_CTRL_ADDR_WIDTH ==> 32
MIG: 18:50:13 : 
MIG: 18:50:13 :  Valid Param: C_S_AXI_CTRL_DATA_WIDTH ==> 32
MIG: 18:50:13 :  Invalid Param: C_S_AXI_BASEADDR ==> 32'h0000_0000
MIG: 18:50:13 :  Invalid Param: C_ECC_ONOFF_RESET_VALUE ==> 1
MIG: 18:50:13 :  Invalid Param: C_ECC_CE_COUNTER_WIDTH ==> 8
MIG: 18:50:13 : 
MIG: 18:50:13 :  Valid Param: DDR3_DEBUG_PORT ==> OFF
MIG: 18:50:13 : 
MIG: 18:50:13 :  Invalid Param: DDR3_TEMP_MON_CONTROL ==> "INTERNAL"
MIG: 18:50:13 :  Invalid Param: DDR3_RST_ACT_LOW ==> 0
MIG: 18:50:13 : 
MIG: 18:50:13 : NONE
MIG: 18:50:13 : 
MIG: 18:50:13 : Same Interface
MIG: 18:50:31 : Running customizer.xit
MIG: 18:50:31 : ################# RUNNING MIG INTERACTIVE ###################
MIG: 18:50:31 : Writing IN file for 'jtag_dbg_block_mig_7series_0_0'...compDirPath: /home/applications/Xilinx/Vivado/2013.3/data/ip/xilinx/mig_7series_v2_0... instDirPath: /home/sanjayr/projects/KC705/JTAG_VIO_AXI_DEBUGGER/Vivado_2013.3_test/axi_jtag_debugger_IPI_example/vivado_prj/.Xil/Vivado-18471-centosMC/coregen/jtag_dbg_block_mig_7series_0_0_0
MIG: 18:50:31 : synp_flow:  -- synthesis_mode: Other
MIG: 18:50:31 : outputDirectory: /home/sanjayr/projects/KC705/JTAG_VIO_AXI_DEBUGGER/Vivado_2013.3_test/axi_jtag_debugger_IPI_example/vivado_prj/.Xil/Vivado-18471-centosMC/coregen/jtag_dbg_block_mig_7series_0_0_0/_tmp/
MIG: 18:50:31 : vivado_mode: xpg_bd
MIG: 18:50:31 : HDL Language: Verilog
MIG: 18:50:31 : compInfo: false
MIG: 18:50:31 : Vivado Options xc7k325t ffg900 -2
MIG: 18:50:31 : 1: xc7k325t 2: ffg900 3: -2
MIG: 18:50:31 : Running /home/applications/Xilinx/Vivado/2013.3/ids_lite/ISE/coregen/ip/xilinx/other/com/xilinx/ip/mig_7series_v2_0/bin/lin64/mig -cg_exc_inp /home/sanjayr/projects/KC705/JTAG_VIO_AXI_DEBUGGER/Vivado_2013.3_test/axi_jtag_debugger_IPI_example/vivado_prj/.Xil/Vivado-18471-centosMC/coregen/jtag_dbg_block_mig_7series_0_0_0/xil_txt.in -cg_exc_out /home/sanjayr/projects/KC705/JTAG_VIO_AXI_DEBUGGER/Vivado_2013.3_test/axi_jtag_debugger_IPI_example/vivado_prj/.Xil/Vivado-18471-centosMC/coregen/jtag_dbg_block_mig_7series_0_0_0/xil_txt.out ... 
MIG: 18:51:33 : XML_INPUT_FILE: /home/sanjayr/projects/KC705/JTAG_VIO_AXI_DEBUGGER/Vivado_2013.3_test/axi_jtag_debugger_IPI_example/vivado_prj/.Xil/Vivado-18471-centosMC/coregen/jtag_dbg_block_mig_7series_0_0_0/mig_a.prj
MIG: 18:51:33 : Component_Name: jtag_dbg_block_mig_7series_0_0
MIG: 18:51:33 : Moving jtag_dbg_block_mig_7series_0_0.veo ...
MIG: 18:51:33 : Moving jtag_dbg_block_mig_7series_0_0_xmdf.tcl ...
MIG: 18:51:33 : Moving jtag_dbg_block_mig_7series_0_0 ...
MIG: 18:51:33 : Sending back 0
MIG: 18:51:33 : xml_input_file: mig_a.prj
MIG: 18:51:33 : abs: /home/sanjayr/projects/KC705/JTAG_VIO_AXI_DEBUGGER/Vivado_2013.3_test/axi_jtag_debugger_IPI_example/vivado_prj/project_X/project_X.srcs/sources_1/bd/jtag_dbg_block/ip/jtag_dbg_block_mig_7series_0_0/mig_a.prj
MIG: 18:51:33 : xml_input_file: mig_a.prj
MIG: 18:51:33 : abs: /home/sanjayr/projects/KC705/JTAG_VIO_AXI_DEBUGGER/Vivado_2013.3_test/axi_jtag_debugger_IPI_example/vivado_prj/project_X/project_X.srcs/sources_1/bd/jtag_dbg_block/ip/jtag_dbg_block_mig_7series_0_0/mig_a.prj
MIG: 18:51:33 : In updateAllModelParams
MIG: 18:51:33 : IGN:     <ModuleName>jtag_dbg_block_mig_7series_0_0</ModuleName> <==>     <ModuleName>jtag_dbg_block_mig_7series_0_0</ModuleName> 
MIG: 18:51:33 : IGN:         <InputClkFreq>200</InputClkFreq> <==>         <InputClkFreq>200</InputClkFreq> 
MIG: 18:51:33 : XGUI hdlLanguage: Verilog
MIG: 18:51:33 : xgui vivado_mode: xpg_bd
MIG: 18:51:33 : xgui hdlLanguage: Verilog -- hdlExt: v
MIG: 18:51:33 : Reading /home/sanjayr/projects/KC705/JTAG_VIO_AXI_DEBUGGER/Vivado_2013.3_test/axi_jtag_debugger_IPI_example/vivado_prj/project_X/project_X.srcs/sources_1/bd/jtag_dbg_block/ip/jtag_dbg_block_mig_7series_0_0/jtag_dbg_block_mig_7series_0_0/user_design/rtl/jtag_dbg_block_mig_7series_0_0.v ...
MIG: 18:51:34 : 
MIG: 18:51:34 : Inside fn mem: DDR3
MIG: 18:51:34 : QDRII+ Inside fn ui: 200000000
MIG: 18:51:34 : 
MIG: 18:51:34 : 
MIG: 18:51:34 : 200000000
MIG: 18:51:34 : 
MIG: 18:51:34 :  polarity_value: 0
MIG: 18:51:34 : 
MIG: 18:51:34 : 
MIG: 18:51:34 : 
MIG: 18:51:34 :  Valid Param: DDR3_BANK_WIDTH ==> 3
MIG: 18:51:34 : 
MIG: 18:51:34 :  Valid Param: DDR3_CK_WIDTH ==> 1
MIG: 18:51:34 :  Invalid Param: DDR3_COL_WIDTH ==> 10
MIG: 18:51:34 : 
MIG: 18:51:34 :  Valid Param: DDR3_CS_WIDTH ==> 1
MIG: 18:51:34 : 
MIG: 18:51:34 :  Valid Param: DDR3_nCS_PER_RANK ==> 1
MIG: 18:51:34 : 
MIG: 18:51:34 :  Valid Param: DDR3_CKE_WIDTH ==> 1
MIG: 18:51:34 :  Invalid Param: DDR3_DATA_BUF_ADDR_WIDTH ==> 5
MIG: 18:51:34 :  Invalid Param: DDR3_DQ_CNT_WIDTH ==> 6
MIG: 18:51:34 :  Invalid Param: DDR3_DQ_PER_DM ==> 8
MIG: 18:51:34 : 
MIG: 18:51:34 :  Valid Param: DDR3_DM_WIDTH ==> 8
MIG: 18:51:34 : 
MIG: 18:51:34 :  Valid Param: DDR3_DQ_WIDTH ==> 64
MIG: 18:51:34 : 
MIG: 18:51:34 :  Valid Param: DDR3_DQS_WIDTH ==> 8
MIG: 18:51:34 : 
MIG: 18:51:34 :  Valid Param: DDR3_DQS_CNT_WIDTH ==> 3
MIG: 18:51:34 :  Invalid Param: DDR3_DRAM_WIDTH ==> 8
MIG: 18:51:34 : 
MIG: 18:51:34 :  Valid Param: ECC ==> OFF
MIG: 18:51:34 : 
MIG: 18:51:34 :  Valid Param: DDR3_DATA_WIDTH ==> 64
MIG: 18:51:34 :  Invalid Param: ECC_TEST ==> "OFF"
MIG: 18:51:34 :  Invalid Param: DDR3_PAYLOAD_WIDTH ==> (ECC_TEST == "OFF") ? DATA_WIDTH : DQ_WIDTH
MIG: 18:51:34 :  Invalid Param: DDR3_MEM_ADDR_ORDER ==> "BANK_ROW_COLUMN"
MIG: 18:51:34 :  Invalid Param: DDR3_nBANK_MACHS ==> 4
MIG: 18:51:34 :  Invalid Param: DDR3_RANKS ==> 1
MIG: 18:51:34 : 
MIG: 18:51:34 :  Valid Param: DDR3_ODT_WIDTH ==> 1
MIG: 18:51:34 : 
MIG: 18:51:34 :  Valid Param: DDR3_ROW_WIDTH ==> 14
MIG: 18:51:34 : 
MIG: 18:51:34 :  Valid Param: DDR3_ADDR_WIDTH ==> 28
MIG: 18:51:34 : 
MIG: 18:51:34 :  Valid Param: DDR3_USE_CS_PORT ==> 1
MIG: 18:51:34 : 
MIG: 18:51:34 :  Valid Param: DDR3_USE_DM_PORT ==> 1
MIG: 18:51:34 : 
MIG: 18:51:34 :  Valid Param: DDR3_USE_ODT_PORT ==> 1
MIG: 18:51:34 :  Invalid Param: DDR3_IS_CLK_SHARED ==> "FALSE"
MIG: 18:51:34 :  Invalid Param: DDR3_PHY_CONTROL_MASTER_BANK ==> 1
MIG: 18:51:34 :  Invalid Param: DDR3_MEM_DENSITY ==> "1Gb"
MIG: 18:51:34 :  Invalid Param: DDR3_MEM_SPEEDGRADE ==> "125"
MIG: 18:51:34 :  Invalid Param: DDR3_MEM_DEVICE_WIDTH ==> 8
MIG: 18:51:34 :  Invalid Param: DDR3_AL ==> "0"
MIG: 18:51:34 :  Invalid Param: DDR3_nAL ==> 0
MIG: 18:51:34 :  Invalid Param: DDR3_BURST_MODE ==> "8"
MIG: 18:51:34 :  Invalid Param: DDR3_BURST_TYPE ==> "SEQ"
MIG: 18:51:34 :  Invalid Param: DDR3_CL ==> 11
MIG: 18:51:34 :  Invalid Param: DDR3_CWL ==> 8
MIG: 18:51:34 :  Invalid Param: DDR3_OUTPUT_DRV ==> "HIGH"
MIG: 18:51:34 :  Invalid Param: DDR3_RTT_NOM ==> "40"
MIG: 18:51:34 :  Invalid Param: DDR3_RTT_WR ==> "OFF"
MIG: 18:51:34 :  Invalid Param: DDR3_ADDR_CMD_MODE ==> "1T"
MIG: 18:51:34 : 
MIG: 18:51:34 :  Valid Param: DDR3_REG_CTRL ==> OFF
MIG: 18:51:34 :  Invalid Param: DDR3_CA_MIRROR ==> "OFF"
MIG: 18:51:34 :  Invalid Param: DDR3_VDD_OP_VOLT ==> "150"
MIG: 18:51:34 :  Invalid Param: DDR3_CLKIN_PERIOD ==> 5000
MIG: 18:51:34 :  Invalid Param: DDR3_CLKFBOUT_MULT ==> 8
MIG: 18:51:34 :  Invalid Param: DDR3_DIVCLK_DIVIDE ==> 1
MIG: 18:51:34 :  Invalid Param: DDR3_CLKOUT0_PHASE ==> 337.5
MIG: 18:51:34 :  Invalid Param: DDR3_CLKOUT0_DIVIDE ==> 2
MIG: 18:51:34 :  Invalid Param: DDR3_CLKOUT1_DIVIDE ==> 2
MIG: 18:51:34 :  Invalid Param: DDR3_CLKOUT2_DIVIDE ==> 32
MIG: 18:51:34 :  Invalid Param: DDR3_CLKOUT3_DIVIDE ==> 8
MIG: 18:51:34 :  Invalid Param: DDR3_tCKE ==> 5000
MIG: 18:51:34 :  Invalid Param: DDR3_tFAW ==> 30000
MIG: 18:51:34 :  Invalid Param: DDR3_tPRDI ==> 1_000_000
MIG: 18:51:34 :  Invalid Param: DDR3_tRAS ==> 35000
MIG: 18:51:34 :  Invalid Param: DDR3_tRCD ==> 13125
MIG: 18:51:34 :  Invalid Param: DDR3_tREFI ==> 7800000
MIG: 18:51:34 :  Invalid Param: DDR3_tRFC ==> 110000
MIG: 18:51:34 :  Invalid Param: DDR3_tRP ==> 13125
MIG: 18:51:34 :  Invalid Param: DDR3_tRRD ==> 6000
MIG: 18:51:34 :  Invalid Param: DDR3_tRTP ==> 7500
MIG: 18:51:34 :  Invalid Param: DDR3_tWTR ==> 7500
MIG: 18:51:34 :  Invalid Param: DDR3_tZQI ==> 128_000_000
MIG: 18:51:34 :  Invalid Param: DDR3_tZQCS ==> 64
MIG: 18:51:34 :  Invalid Param: DDR3_SIM_BYPASS_INIT_CAL ==> "OFF"
MIG: 18:51:34 :  Invalid Param: DDR3_SIMULATION ==> "FALSE"
MIG: 18:51:34 :  Invalid Param: DDR3_BYTE_LANES_B0 ==> 4'b1111
MIG: 18:51:34 :  Invalid Param: DDR3_BYTE_LANES_B1 ==> 4'b0111
MIG: 18:51:34 :  Invalid Param: DDR3_BYTE_LANES_B2 ==> 4'b1111
MIG: 18:51:34 :  Invalid Param: DDR3_BYTE_LANES_B3 ==> 4'b0000
MIG: 18:51:34 :  Invalid Param: DDR3_BYTE_LANES_B4 ==> 4'b0000
MIG: 18:51:34 :  Invalid Param: DDR3_DATA_CTL_B0 ==> 4'b1111
MIG: 18:51:34 :  Invalid Param: DDR3_DATA_CTL_B1 ==> 4'b0000
MIG: 18:51:34 :  Invalid Param: DDR3_DATA_CTL_B2 ==> 4'b1111
MIG: 18:51:34 :  Invalid Param: DDR3_DATA_CTL_B3 ==> 4'b0000
MIG: 18:51:34 :  Invalid Param: DDR3_DATA_CTL_B4 ==> 4'b0000
MIG: 18:51:34 :  Invalid Param: DDR3_PHY_0_BITLANES ==> 48'h3FE_3FE_3FE_2FF
MIG: 18:51:34 :  Invalid Param: DDR3_PHY_1_BITLANES ==> 48'h000_CB0_473_FFF
MIG: 18:51:34 :  Invalid Param: DDR3_PHY_2_BITLANES ==> 48'h3FE_3FE_3FE_2FF
MIG: 18:51:34 :  Invalid Param: DDR3_CK_BYTE_MAP ==> 144'h00_00_00_00_00_00_00_00_00_00_00_00_00_00_00_00_00_11
MIG: 18:51:34 :  Invalid Param: DDR3_ADDR_MAP ==> 192'h000_000_111_110_109_108_107_106_10B_10A_105_104_103_102_101_100
MIG: 18:51:34 :  Invalid Param: DDR3_BANK_MAP ==> 36'h11A_115_114
MIG: 18:51:34 :  Invalid Param: DDR3_CAS_MAP ==> 12'h12A
MIG: 18:51:34 :  Invalid Param: DDR3_CKE_ODT_BYTE_MAP ==> 8'h00
MIG: 18:51:34 :  Invalid Param: DDR3_CKE_MAP ==> 96'h000_000_000_000_000_000_000_116
MIG: 18:51:34 :  Invalid Param: DDR3_ODT_MAP ==> 96'h000_000_000_000_000_000_000_127
MIG: 18:51:34 :  Invalid Param: DDR3_CS_MAP ==> 120'h000_000_000_000_000_000_000_000_000_12B
MIG: 18:51:34 :  Invalid Param: DDR3_PARITY_MAP ==> 12'h000
MIG: 18:51:34 :  Invalid Param: DDR3_RAS_MAP ==> 12'h125
MIG: 18:51:34 :  Invalid Param: DDR3_WE_MAP ==> 12'h124
MIG: 18:51:34 :  Invalid Param: DDR3_DQS_BYTE_MAP ==> 144'h00_00_00_00_00_00_00_00_00_00_03_02_01_00_23_22_21_20
MIG: 18:51:34 :  Invalid Param: DDR3_DATA0_MAP ==> 96'h200_209_206_203_204_205_202_207
MIG: 18:51:34 :  Invalid Param: DDR3_DATA1_MAP ==> 96'h219_218_214_215_217_212_216_213
MIG: 18:51:34 :  Invalid Param: DDR3_DATA2_MAP ==> 96'h225_224_229_226_223_222_228_227
MIG: 18:51:34 :  Invalid Param: DDR3_DATA3_MAP ==> 96'h238_236_234_233_235_237_232_239
MIG: 18:51:34 :  Invalid Param: DDR3_DATA4_MAP ==> 96'h005_003_000_009_007_006_004_002
MIG: 18:51:34 :  Invalid Param: DDR3_DATA5_MAP ==> 96'h013_012_018_019_015_014_017_016
MIG: 18:51:34 :  Invalid Param: DDR3_DATA6_MAP ==> 96'h023_027_022_029_024_025_028_026
MIG: 18:51:34 :  Invalid Param: DDR3_DATA7_MAP ==> 96'h039_037_033_032_035_034_038_036
MIG: 18:51:34 :  Invalid Param: DDR3_DATA8_MAP ==> 96'h000_000_000_000_000_000_000_000
MIG: 18:51:34 :  Invalid Param: DDR3_DATA9_MAP ==> 96'h000_000_000_000_000_000_000_000
MIG: 18:51:34 :  Invalid Param: DDR3_DATA10_MAP ==> 96'h000_000_000_000_000_000_000_000
MIG: 18:51:34 :  Invalid Param: DDR3_DATA11_MAP ==> 96'h000_000_000_000_000_000_000_000
MIG: 18:51:34 :  Invalid Param: DDR3_DATA12_MAP ==> 96'h000_000_000_000_000_000_000_000
MIG: 18:51:34 :  Invalid Param: DDR3_DATA13_MAP ==> 96'h000_000_000_000_000_000_000_000
MIG: 18:51:34 :  Invalid Param: DDR3_DATA14_MAP ==> 96'h000_000_000_000_000_000_000_000
MIG: 18:51:34 :  Invalid Param: DDR3_DATA15_MAP ==> 96'h000_000_000_000_000_000_000_000
MIG: 18:51:34 :  Invalid Param: DDR3_DATA16_MAP ==> 96'h000_000_000_000_000_000_000_000
MIG: 18:51:34 :  Invalid Param: DDR3_DATA17_MAP ==> 96'h000_000_000_000_000_000_000_000
MIG: 18:51:34 :  Invalid Param: DDR3_MASK0_MAP ==> 108'h000_031_021_011_001_231_221_211_201
MIG: 18:51:34 :  Invalid Param: DDR3_MASK1_MAP ==> 108'h000_000_000_000_000_000_000_000_000
MIG: 18:51:34 :  Invalid Param: DDR3_SLOT_0_CONFIG ==> 8'b0000_0001
MIG: 18:51:34 :  Invalid Param: DDR3_SLOT_1_CONFIG ==> 8'b0000_0000
MIG: 18:51:34 :  Invalid Param: DDR3_IBUF_LPWR_MODE ==> "OFF"
MIG: 18:51:34 :  Invalid Param: DDR3_DATA_IO_IDLE_PWRDWN ==> "ON"
MIG: 18:51:34 :  Invalid Param: DDR3_BANK_TYPE ==> "HP_IO"
MIG: 18:51:34 :  Invalid Param: DDR3_DATA_IO_PRIM_TYPE ==> "HP_LP"
MIG: 18:51:34 :  Invalid Param: DDR3_CKE_ODT_AUX ==> "FALSE"
MIG: 18:51:34 :  Invalid Param: DDR3_USER_REFRESH ==> "OFF"
MIG: 18:51:34 :  Invalid Param: DDR3_WRLVL ==> "ON"
MIG: 18:51:34 :  Invalid Param: DDR3_ORDERING ==> "NORM"
MIG: 18:51:34 :  Invalid Param: DDR3_CALIB_ROW_ADD ==> 16'h0000
MIG: 18:51:34 :  Invalid Param: DDR3_CALIB_COL_ADD ==> 12'h000
MIG: 18:51:34 :  Invalid Param: DDR3_CALIB_BA_ADD ==> 3'h0
MIG: 18:51:34 :  Invalid Param: DDR3_TCQ ==> 100
MIG: 18:51:34 :  Invalid Param: DDR3_IODELAY_GRP ==> "JTAG_DBG_BLOCK_MIG_7SERIES_0_0_IODELAY_MIG"
MIG: 18:51:34 :  Invalid Param: DDR3_SYSCLK_TYPE ==> "DIFFERENTIAL"
MIG: 18:51:34 :  Invalid Param: DDR3_REFCLK_TYPE ==> "USE_SYSTEM_CLOCK"
MIG: 18:51:34 :  Invalid Param: DDR3_SYS_RST_PORT ==> "FALSE"
MIG: 18:51:34 :  Invalid Param: DDR3_CMD_PIPE_PLUS1 ==> "ON"
MIG: 18:51:34 :  Invalid Param: DDR3_DRAM_TYPE ==> "DDR3"
MIG: 18:51:34 :  Invalid Param: DDR3_CAL_WIDTH ==> "HALF"
MIG: 18:51:34 :  Invalid Param: DDR3_STARVE_LIMIT ==> 2
MIG: 18:51:34 :  Invalid Param: DDR3_REFCLK_FREQ ==> 200.0
MIG: 18:51:34 :  Invalid Param: DDR3_DIFF_TERM_REFCLK ==> "TRUE"
MIG: 18:51:34 :  Invalid Param: DDR3_tCK ==> 1250
MIG: 18:51:34 : 
MIG: 18:51:34 :  Valid Param: DDR3_nCK_PER_CLK ==> 4
MIG: 18:51:34 :  Invalid Param: DDR3_DIFF_TERM_SYSCLK ==> "FALSE"
MIG: 18:51:34 : 
MIG: 18:51:34 :  Valid Param: UI_EXTRA_CLOCKS ==> FALSE
MIG: 18:51:34 : 
MIG: 18:51:34 :  Valid Param: C_S_AXI_ID_WIDTH ==> 1
MIG: 18:51:34 : 
MIG: 18:51:34 :  Valid Param: C_S_AXI_MEM_SIZE ==> 1073741824
MIG: 18:51:34 : 30
MIG: 18:51:34 :  Valid Param: C_S_AXI_ADDR_WIDTH ==> 30
MIG: 18:51:34 : 512
MIG: 18:51:34 :  Valid Param: C_S_AXI_DATA_WIDTH ==> 512
MIG: 18:51:34 :  Invalid Param: DDR3_C_MC_nCK_PER_CLK ==> 4
MIG: 18:51:34 :  Invalid Param: C_S_AXI_SUPPORTS_NARROW_BURST ==> 1
MIG: 18:51:34 :  Invalid Param: DDR3_C_RD_WR_ARB_ALGORITHM ==> "RD_PRI_REG"
MIG: 18:51:34 :  Invalid Param: C_S_AXI_REG_EN0 ==> 20'h00000
MIG: 18:51:34 :  Invalid Param: C_S_AXI_REG_EN1 ==> 20'h00000
MIG: 18:51:34 : 
MIG: 18:51:34 :  Valid Param: C_S_AXI_CTRL_ADDR_WIDTH ==> 32
MIG: 18:51:34 : 
MIG: 18:51:34 :  Valid Param: C_S_AXI_CTRL_DATA_WIDTH ==> 32
MIG: 18:51:34 :  Invalid Param: C_S_AXI_BASEADDR ==> 32'h0000_0000
MIG: 18:51:34 :  Invalid Param: C_ECC_ONOFF_RESET_VALUE ==> 1
MIG: 18:51:34 :  Invalid Param: C_ECC_CE_COUNTER_WIDTH ==> 8
MIG: 18:51:34 : 
MIG: 18:51:34 :  Valid Param: DDR3_DEBUG_PORT ==> OFF
MIG: 18:51:34 : 
MIG: 18:51:34 :  Invalid Param: DDR3_TEMP_MON_CONTROL ==> "INTERNAL"
MIG: 18:51:34 :  Invalid Param: DDR3_RST_ACT_LOW ==> 0
MIG: 18:51:34 : 
MIG: 18:51:34 : 
MIG: 18:51:34 : 
MIG: 18:51:34 : Same Interface
MIG: 18:51:36 : xml_input_file: mig_a.prj
MIG: 18:51:36 : abs: /home/sanjayr/projects/KC705/JTAG_VIO_AXI_DEBUGGER/Vivado_2013.3_test/axi_jtag_debugger_IPI_example/vivado_prj/project_X/project_X.srcs/sources_1/bd/jtag_dbg_block/ip/jtag_dbg_block_mig_7series_0_0/mig_a.prj
MIG: 18:51:36 : In updateAllModelParams
MIG: 18:51:36 : IGN:     <ModuleName>jtag_dbg_block_mig_7series_0_0</ModuleName> <==>     <ModuleName>jtag_dbg_block_mig_7series_0_0</ModuleName> 
MIG: 18:51:36 : IGN:         <InputClkFreq>200</InputClkFreq> <==>         <InputClkFreq>200</InputClkFreq> 
MIG: 18:51:36 : XGUI hdlLanguage: Verilog
MIG: 18:51:36 : xgui vivado_mode: xpg_bd
MIG: 18:51:36 : xgui hdlLanguage: Verilog -- hdlExt: v
MIG: 18:51:36 : Reading /home/sanjayr/projects/KC705/JTAG_VIO_AXI_DEBUGGER/Vivado_2013.3_test/axi_jtag_debugger_IPI_example/vivado_prj/project_X/project_X.srcs/sources_1/bd/jtag_dbg_block/ip/jtag_dbg_block_mig_7series_0_0/jtag_dbg_block_mig_7series_0_0/user_design/rtl/jtag_dbg_block_mig_7series_0_0.v ...
MIG: 18:51:37 : 
MIG: 18:51:37 : Inside fn mem: DDR3
MIG: 18:51:37 : QDRII+ Inside fn ui: 200000000
MIG: 18:51:37 : 
MIG: 18:51:37 : 
MIG: 18:51:37 : 
MIG: 18:51:37 : 
MIG: 18:51:37 :  polarity_value: 0
MIG: 18:51:37 : 
MIG: 18:51:37 : 
MIG: 18:51:37 : 
MIG: 18:51:37 :  Valid Param: DDR3_BANK_WIDTH ==> 3
MIG: 18:51:37 : 
MIG: 18:51:37 :  Valid Param: DDR3_CK_WIDTH ==> 1
MIG: 18:51:37 :  Invalid Param: DDR3_COL_WIDTH ==> 10
MIG: 18:51:37 : 
MIG: 18:51:37 :  Valid Param: DDR3_CS_WIDTH ==> 1
MIG: 18:51:37 : 
MIG: 18:51:37 :  Valid Param: DDR3_nCS_PER_RANK ==> 1
MIG: 18:51:37 : 
MIG: 18:51:37 :  Valid Param: DDR3_CKE_WIDTH ==> 1
MIG: 18:51:37 :  Invalid Param: DDR3_DATA_BUF_ADDR_WIDTH ==> 5
MIG: 18:51:37 :  Invalid Param: DDR3_DQ_CNT_WIDTH ==> 6
MIG: 18:51:37 :  Invalid Param: DDR3_DQ_PER_DM ==> 8
MIG: 18:51:37 : 
MIG: 18:51:37 :  Valid Param: DDR3_DM_WIDTH ==> 8
MIG: 18:51:37 : 
MIG: 18:51:37 :  Valid Param: DDR3_DQ_WIDTH ==> 64
MIG: 18:51:37 : 
MIG: 18:51:37 :  Valid Param: DDR3_DQS_WIDTH ==> 8
MIG: 18:51:37 : 
MIG: 18:51:37 :  Valid Param: DDR3_DQS_CNT_WIDTH ==> 3
MIG: 18:51:37 :  Invalid Param: DDR3_DRAM_WIDTH ==> 8
MIG: 18:51:37 : 
MIG: 18:51:37 :  Valid Param: ECC ==> OFF
MIG: 18:51:37 : 
MIG: 18:51:37 :  Valid Param: DDR3_DATA_WIDTH ==> 64
MIG: 18:51:37 :  Invalid Param: ECC_TEST ==> "OFF"
MIG: 18:51:37 :  Invalid Param: DDR3_PAYLOAD_WIDTH ==> (ECC_TEST == "OFF") ? DATA_WIDTH : DQ_WIDTH
MIG: 18:51:37 :  Invalid Param: DDR3_MEM_ADDR_ORDER ==> "BANK_ROW_COLUMN"
MIG: 18:51:37 :  Invalid Param: DDR3_nBANK_MACHS ==> 4
MIG: 18:51:37 :  Invalid Param: DDR3_RANKS ==> 1
MIG: 18:51:37 : 
MIG: 18:51:37 :  Valid Param: DDR3_ODT_WIDTH ==> 1
MIG: 18:51:37 : 
MIG: 18:51:37 :  Valid Param: DDR3_ROW_WIDTH ==> 14
MIG: 18:51:37 : 
MIG: 18:51:37 :  Valid Param: DDR3_ADDR_WIDTH ==> 28
MIG: 18:51:37 : 
MIG: 18:51:37 :  Valid Param: DDR3_USE_CS_PORT ==> 1
MIG: 18:51:37 : 
MIG: 18:51:37 :  Valid Param: DDR3_USE_DM_PORT ==> 1
MIG: 18:51:37 : 
MIG: 18:51:37 :  Valid Param: DDR3_USE_ODT_PORT ==> 1
MIG: 18:51:37 :  Invalid Param: DDR3_IS_CLK_SHARED ==> "FALSE"
MIG: 18:51:37 :  Invalid Param: DDR3_PHY_CONTROL_MASTER_BANK ==> 1
MIG: 18:51:37 :  Invalid Param: DDR3_MEM_DENSITY ==> "1Gb"
MIG: 18:51:37 :  Invalid Param: DDR3_MEM_SPEEDGRADE ==> "125"
MIG: 18:51:37 :  Invalid Param: DDR3_MEM_DEVICE_WIDTH ==> 8
MIG: 18:51:37 :  Invalid Param: DDR3_AL ==> "0"
MIG: 18:51:37 :  Invalid Param: DDR3_nAL ==> 0
MIG: 18:51:37 :  Invalid Param: DDR3_BURST_MODE ==> "8"
MIG: 18:51:37 :  Invalid Param: DDR3_BURST_TYPE ==> "SEQ"
MIG: 18:51:37 :  Invalid Param: DDR3_CL ==> 11
MIG: 18:51:37 :  Invalid Param: DDR3_CWL ==> 8
MIG: 18:51:37 :  Invalid Param: DDR3_OUTPUT_DRV ==> "HIGH"
MIG: 18:51:37 :  Invalid Param: DDR3_RTT_NOM ==> "40"
MIG: 18:51:37 :  Invalid Param: DDR3_RTT_WR ==> "OFF"
MIG: 18:51:37 :  Invalid Param: DDR3_ADDR_CMD_MODE ==> "1T"
MIG: 18:51:37 : 
MIG: 18:51:37 :  Valid Param: DDR3_REG_CTRL ==> OFF
MIG: 18:51:37 :  Invalid Param: DDR3_CA_MIRROR ==> "OFF"
MIG: 18:51:37 :  Invalid Param: DDR3_VDD_OP_VOLT ==> "150"
MIG: 18:51:37 :  Invalid Param: DDR3_CLKIN_PERIOD ==> 5000
MIG: 18:51:37 :  Invalid Param: DDR3_CLKFBOUT_MULT ==> 8
MIG: 18:51:37 :  Invalid Param: DDR3_DIVCLK_DIVIDE ==> 1
MIG: 18:51:37 :  Invalid Param: DDR3_CLKOUT0_PHASE ==> 337.5
MIG: 18:51:37 :  Invalid Param: DDR3_CLKOUT0_DIVIDE ==> 2
MIG: 18:51:37 :  Invalid Param: DDR3_CLKOUT1_DIVIDE ==> 2
MIG: 18:51:37 :  Invalid Param: DDR3_CLKOUT2_DIVIDE ==> 32
MIG: 18:51:37 :  Invalid Param: DDR3_CLKOUT3_DIVIDE ==> 8
MIG: 18:51:37 :  Invalid Param: DDR3_tCKE ==> 5000
MIG: 18:51:37 :  Invalid Param: DDR3_tFAW ==> 30000
MIG: 18:51:37 :  Invalid Param: DDR3_tPRDI ==> 1_000_000
MIG: 18:51:37 :  Invalid Param: DDR3_tRAS ==> 35000
MIG: 18:51:37 :  Invalid Param: DDR3_tRCD ==> 13125
MIG: 18:51:37 :  Invalid Param: DDR3_tREFI ==> 7800000
MIG: 18:51:37 :  Invalid Param: DDR3_tRFC ==> 110000
MIG: 18:51:37 :  Invalid Param: DDR3_tRP ==> 13125
MIG: 18:51:37 :  Invalid Param: DDR3_tRRD ==> 6000
MIG: 18:51:37 :  Invalid Param: DDR3_tRTP ==> 7500
MIG: 18:51:37 :  Invalid Param: DDR3_tWTR ==> 7500
MIG: 18:51:37 :  Invalid Param: DDR3_tZQI ==> 128_000_000
MIG: 18:51:37 :  Invalid Param: DDR3_tZQCS ==> 64
MIG: 18:51:37 :  Invalid Param: DDR3_SIM_BYPASS_INIT_CAL ==> "OFF"
MIG: 18:51:37 :  Invalid Param: DDR3_SIMULATION ==> "FALSE"
MIG: 18:51:37 :  Invalid Param: DDR3_BYTE_LANES_B0 ==> 4'b1111
MIG: 18:51:37 :  Invalid Param: DDR3_BYTE_LANES_B1 ==> 4'b0111
MIG: 18:51:37 :  Invalid Param: DDR3_BYTE_LANES_B2 ==> 4'b1111
MIG: 18:51:37 :  Invalid Param: DDR3_BYTE_LANES_B3 ==> 4'b0000
MIG: 18:51:37 :  Invalid Param: DDR3_BYTE_LANES_B4 ==> 4'b0000
MIG: 18:51:37 :  Invalid Param: DDR3_DATA_CTL_B0 ==> 4'b1111
MIG: 18:51:37 :  Invalid Param: DDR3_DATA_CTL_B1 ==> 4'b0000
MIG: 18:51:37 :  Invalid Param: DDR3_DATA_CTL_B2 ==> 4'b1111
MIG: 18:51:37 :  Invalid Param: DDR3_DATA_CTL_B3 ==> 4'b0000
MIG: 18:51:37 :  Invalid Param: DDR3_DATA_CTL_B4 ==> 4'b0000
MIG: 18:51:37 :  Invalid Param: DDR3_PHY_0_BITLANES ==> 48'h3FE_3FE_3FE_2FF
MIG: 18:51:37 :  Invalid Param: DDR3_PHY_1_BITLANES ==> 48'h000_CB0_473_FFF
MIG: 18:51:37 :  Invalid Param: DDR3_PHY_2_BITLANES ==> 48'h3FE_3FE_3FE_2FF
MIG: 18:51:37 :  Invalid Param: DDR3_CK_BYTE_MAP ==> 144'h00_00_00_00_00_00_00_00_00_00_00_00_00_00_00_00_00_11
MIG: 18:51:37 :  Invalid Param: DDR3_ADDR_MAP ==> 192'h000_000_111_110_109_108_107_106_10B_10A_105_104_103_102_101_100
MIG: 18:51:37 :  Invalid Param: DDR3_BANK_MAP ==> 36'h11A_115_114
MIG: 18:51:37 :  Invalid Param: DDR3_CAS_MAP ==> 12'h12A
MIG: 18:51:37 :  Invalid Param: DDR3_CKE_ODT_BYTE_MAP ==> 8'h00
MIG: 18:51:37 :  Invalid Param: DDR3_CKE_MAP ==> 96'h000_000_000_000_000_000_000_116
MIG: 18:51:37 :  Invalid Param: DDR3_ODT_MAP ==> 96'h000_000_000_000_000_000_000_127
MIG: 18:51:37 :  Invalid Param: DDR3_CS_MAP ==> 120'h000_000_000_000_000_000_000_000_000_12B
MIG: 18:51:37 :  Invalid Param: DDR3_PARITY_MAP ==> 12'h000
MIG: 18:51:37 :  Invalid Param: DDR3_RAS_MAP ==> 12'h125
MIG: 18:51:37 :  Invalid Param: DDR3_WE_MAP ==> 12'h124
MIG: 18:51:37 :  Invalid Param: DDR3_DQS_BYTE_MAP ==> 144'h00_00_00_00_00_00_00_00_00_00_03_02_01_00_23_22_21_20
MIG: 18:51:37 :  Invalid Param: DDR3_DATA0_MAP ==> 96'h200_209_206_203_204_205_202_207
MIG: 18:51:37 :  Invalid Param: DDR3_DATA1_MAP ==> 96'h219_218_214_215_217_212_216_213
MIG: 18:51:37 :  Invalid Param: DDR3_DATA2_MAP ==> 96'h225_224_229_226_223_222_228_227
MIG: 18:51:37 :  Invalid Param: DDR3_DATA3_MAP ==> 96'h238_236_234_233_235_237_232_239
MIG: 18:51:37 :  Invalid Param: DDR3_DATA4_MAP ==> 96'h005_003_000_009_007_006_004_002
MIG: 18:51:37 :  Invalid Param: DDR3_DATA5_MAP ==> 96'h013_012_018_019_015_014_017_016
MIG: 18:51:37 :  Invalid Param: DDR3_DATA6_MAP ==> 96'h023_027_022_029_024_025_028_026
MIG: 18:51:37 :  Invalid Param: DDR3_DATA7_MAP ==> 96'h039_037_033_032_035_034_038_036
MIG: 18:51:37 :  Invalid Param: DDR3_DATA8_MAP ==> 96'h000_000_000_000_000_000_000_000
MIG: 18:51:37 :  Invalid Param: DDR3_DATA9_MAP ==> 96'h000_000_000_000_000_000_000_000
MIG: 18:51:37 :  Invalid Param: DDR3_DATA10_MAP ==> 96'h000_000_000_000_000_000_000_000
MIG: 18:51:37 :  Invalid Param: DDR3_DATA11_MAP ==> 96'h000_000_000_000_000_000_000_000
MIG: 18:51:37 :  Invalid Param: DDR3_DATA12_MAP ==> 96'h000_000_000_000_000_000_000_000
MIG: 18:51:37 :  Invalid Param: DDR3_DATA13_MAP ==> 96'h000_000_000_000_000_000_000_000
MIG: 18:51:37 :  Invalid Param: DDR3_DATA14_MAP ==> 96'h000_000_000_000_000_000_000_000
MIG: 18:51:37 :  Invalid Param: DDR3_DATA15_MAP ==> 96'h000_000_000_000_000_000_000_000
MIG: 18:51:37 :  Invalid Param: DDR3_DATA16_MAP ==> 96'h000_000_000_000_000_000_000_000
MIG: 18:51:37 :  Invalid Param: DDR3_DATA17_MAP ==> 96'h000_000_000_000_000_000_000_000
MIG: 18:51:37 :  Invalid Param: DDR3_MASK0_MAP ==> 108'h000_031_021_011_001_231_221_211_201
MIG: 18:51:37 :  Invalid Param: DDR3_MASK1_MAP ==> 108'h000_000_000_000_000_000_000_000_000
MIG: 18:51:37 :  Invalid Param: DDR3_SLOT_0_CONFIG ==> 8'b0000_0001
MIG: 18:51:37 :  Invalid Param: DDR3_SLOT_1_CONFIG ==> 8'b0000_0000
MIG: 18:51:37 :  Invalid Param: DDR3_IBUF_LPWR_MODE ==> "OFF"
MIG: 18:51:37 :  Invalid Param: DDR3_DATA_IO_IDLE_PWRDWN ==> "ON"
MIG: 18:51:37 :  Invalid Param: DDR3_BANK_TYPE ==> "HP_IO"
MIG: 18:51:37 :  Invalid Param: DDR3_DATA_IO_PRIM_TYPE ==> "HP_LP"
MIG: 18:51:37 :  Invalid Param: DDR3_CKE_ODT_AUX ==> "FALSE"
MIG: 18:51:37 :  Invalid Param: DDR3_USER_REFRESH ==> "OFF"
MIG: 18:51:37 :  Invalid Param: DDR3_WRLVL ==> "ON"
MIG: 18:51:37 :  Invalid Param: DDR3_ORDERING ==> "NORM"
MIG: 18:51:37 :  Invalid Param: DDR3_CALIB_ROW_ADD ==> 16'h0000
MIG: 18:51:37 :  Invalid Param: DDR3_CALIB_COL_ADD ==> 12'h000
MIG: 18:51:37 :  Invalid Param: DDR3_CALIB_BA_ADD ==> 3'h0
MIG: 18:51:37 :  Invalid Param: DDR3_TCQ ==> 100
MIG: 18:51:37 :  Invalid Param: DDR3_IODELAY_GRP ==> "JTAG_DBG_BLOCK_MIG_7SERIES_0_0_IODELAY_MIG"
MIG: 18:51:37 :  Invalid Param: DDR3_SYSCLK_TYPE ==> "DIFFERENTIAL"
MIG: 18:51:37 :  Invalid Param: DDR3_REFCLK_TYPE ==> "USE_SYSTEM_CLOCK"
MIG: 18:51:37 :  Invalid Param: DDR3_SYS_RST_PORT ==> "FALSE"
MIG: 18:51:37 :  Invalid Param: DDR3_CMD_PIPE_PLUS1 ==> "ON"
MIG: 18:51:37 :  Invalid Param: DDR3_DRAM_TYPE ==> "DDR3"
MIG: 18:51:37 :  Invalid Param: DDR3_CAL_WIDTH ==> "HALF"
MIG: 18:51:37 :  Invalid Param: DDR3_STARVE_LIMIT ==> 2
MIG: 18:51:37 :  Invalid Param: DDR3_REFCLK_FREQ ==> 200.0
MIG: 18:51:37 :  Invalid Param: DDR3_DIFF_TERM_REFCLK ==> "TRUE"
MIG: 18:51:37 :  Invalid Param: DDR3_tCK ==> 1250
MIG: 18:51:37 : 
MIG: 18:51:37 :  Valid Param: DDR3_nCK_PER_CLK ==> 4
MIG: 18:51:37 :  Invalid Param: DDR3_DIFF_TERM_SYSCLK ==> "FALSE"
MIG: 18:51:37 : 
MIG: 18:51:37 :  Valid Param: UI_EXTRA_CLOCKS ==> FALSE
MIG: 18:51:37 : 
MIG: 18:51:37 :  Valid Param: C_S_AXI_ID_WIDTH ==> 1
MIG: 18:51:37 : 
MIG: 18:51:37 :  Valid Param: C_S_AXI_MEM_SIZE ==> 1073741824
MIG: 18:51:37 : 
MIG: 18:51:37 :  Valid Param: C_S_AXI_ADDR_WIDTH ==> 30
MIG: 18:51:37 : 
MIG: 18:51:37 :  Valid Param: C_S_AXI_DATA_WIDTH ==> 512
MIG: 18:51:37 :  Invalid Param: DDR3_C_MC_nCK_PER_CLK ==> 4
MIG: 18:51:37 :  Invalid Param: C_S_AXI_SUPPORTS_NARROW_BURST ==> 1
MIG: 18:51:37 :  Invalid Param: DDR3_C_RD_WR_ARB_ALGORITHM ==> "RD_PRI_REG"
MIG: 18:51:37 :  Invalid Param: C_S_AXI_REG_EN0 ==> 20'h00000
MIG: 18:51:37 :  Invalid Param: C_S_AXI_REG_EN1 ==> 20'h00000
MIG: 18:51:37 : 
MIG: 18:51:37 :  Valid Param: C_S_AXI_CTRL_ADDR_WIDTH ==> 32
MIG: 18:51:37 : 
MIG: 18:51:37 :  Valid Param: C_S_AXI_CTRL_DATA_WIDTH ==> 32
MIG: 18:51:37 :  Invalid Param: C_S_AXI_BASEADDR ==> 32'h0000_0000
MIG: 18:51:37 :  Invalid Param: C_ECC_ONOFF_RESET_VALUE ==> 1
MIG: 18:51:37 :  Invalid Param: C_ECC_CE_COUNTER_WIDTH ==> 8
MIG: 18:51:37 : 
MIG: 18:51:37 :  Valid Param: DDR3_DEBUG_PORT ==> OFF
MIG: 18:51:37 : 
MIG: 18:51:37 :  Invalid Param: DDR3_TEMP_MON_CONTROL ==> "INTERNAL"
MIG: 18:51:37 :  Invalid Param: DDR3_RST_ACT_LOW ==> 0
MIG: 18:51:37 : 
MIG: 18:51:37 : 
MIG: 18:51:37 : 
MIG: 18:51:37 : Same Interface
MIG: 18:51:39 : xml_input_file: mig_a.prj
MIG: 18:51:39 : abs: /home/sanjayr/projects/KC705/JTAG_VIO_AXI_DEBUGGER/Vivado_2013.3_test/axi_jtag_debugger_IPI_example/vivado_prj/project_X/project_X.srcs/sources_1/bd/jtag_dbg_block/ip/jtag_dbg_block_mig_7series_0_0/mig_a.prj
MIG: 18:51:39 : In updateAllModelParams
MIG: 18:51:39 : IGN:     <ModuleName>jtag_dbg_block_mig_7series_0_0</ModuleName> <==>     <ModuleName>jtag_dbg_block_mig_7series_0_0</ModuleName> 
MIG: 18:51:39 : IGN:         <InputClkFreq>200</InputClkFreq> <==>         <InputClkFreq>200</InputClkFreq> 
MIG: 18:51:39 : XGUI hdlLanguage: Verilog
MIG: 18:51:39 : xgui vivado_mode: xpg_bd
MIG: 18:51:39 : xgui hdlLanguage: Verilog -- hdlExt: v
MIG: 18:51:39 : Reading /home/sanjayr/projects/KC705/JTAG_VIO_AXI_DEBUGGER/Vivado_2013.3_test/axi_jtag_debugger_IPI_example/vivado_prj/project_X/project_X.srcs/sources_1/bd/jtag_dbg_block/ip/jtag_dbg_block_mig_7series_0_0/jtag_dbg_block_mig_7series_0_0/user_design/rtl/jtag_dbg_block_mig_7series_0_0.v ...
MIG: 18:51:40 : 
MIG: 18:51:40 : Inside fn mem: DDR3
MIG: 18:51:40 : QDRII+ Inside fn ui: 200000000
MIG: 18:51:40 : 
MIG: 18:51:40 : 
MIG: 18:51:40 : 
MIG: 18:51:40 : 
MIG: 18:51:40 :  polarity_value: 0
MIG: 18:51:40 : 
MIG: 18:51:40 : 
MIG: 18:51:40 : 
MIG: 18:51:40 :  Valid Param: DDR3_BANK_WIDTH ==> 3
MIG: 18:51:40 : 
MIG: 18:51:40 :  Valid Param: DDR3_CK_WIDTH ==> 1
MIG: 18:51:40 :  Invalid Param: DDR3_COL_WIDTH ==> 10
MIG: 18:51:40 : 
MIG: 18:51:40 :  Valid Param: DDR3_CS_WIDTH ==> 1
MIG: 18:51:40 : 
MIG: 18:51:40 :  Valid Param: DDR3_nCS_PER_RANK ==> 1
MIG: 18:51:40 : 
MIG: 18:51:40 :  Valid Param: DDR3_CKE_WIDTH ==> 1
MIG: 18:51:40 :  Invalid Param: DDR3_DATA_BUF_ADDR_WIDTH ==> 5
MIG: 18:51:40 :  Invalid Param: DDR3_DQ_CNT_WIDTH ==> 6
MIG: 18:51:40 :  Invalid Param: DDR3_DQ_PER_DM ==> 8
MIG: 18:51:40 : 
MIG: 18:51:40 :  Valid Param: DDR3_DM_WIDTH ==> 8
MIG: 18:51:40 : 
MIG: 18:51:40 :  Valid Param: DDR3_DQ_WIDTH ==> 64
MIG: 18:51:40 : 
MIG: 18:51:40 :  Valid Param: DDR3_DQS_WIDTH ==> 8
MIG: 18:51:40 : 
MIG: 18:51:40 :  Valid Param: DDR3_DQS_CNT_WIDTH ==> 3
MIG: 18:51:40 :  Invalid Param: DDR3_DRAM_WIDTH ==> 8
MIG: 18:51:40 : 
MIG: 18:51:40 :  Valid Param: ECC ==> OFF
MIG: 18:51:40 : 
MIG: 18:51:40 :  Valid Param: DDR3_DATA_WIDTH ==> 64
MIG: 18:51:40 :  Invalid Param: ECC_TEST ==> "OFF"
MIG: 18:51:40 :  Invalid Param: DDR3_PAYLOAD_WIDTH ==> (ECC_TEST == "OFF") ? DATA_WIDTH : DQ_WIDTH
MIG: 18:51:40 :  Invalid Param: DDR3_MEM_ADDR_ORDER ==> "BANK_ROW_COLUMN"
MIG: 18:51:40 :  Invalid Param: DDR3_nBANK_MACHS ==> 4
MIG: 18:51:40 :  Invalid Param: DDR3_RANKS ==> 1
MIG: 18:51:40 : 
MIG: 18:51:40 :  Valid Param: DDR3_ODT_WIDTH ==> 1
MIG: 18:51:40 : 
MIG: 18:51:40 :  Valid Param: DDR3_ROW_WIDTH ==> 14
MIG: 18:51:40 : 
MIG: 18:51:40 :  Valid Param: DDR3_ADDR_WIDTH ==> 28
MIG: 18:51:40 : 
MIG: 18:51:40 :  Valid Param: DDR3_USE_CS_PORT ==> 1
MIG: 18:51:40 : 
MIG: 18:51:40 :  Valid Param: DDR3_USE_DM_PORT ==> 1
MIG: 18:51:40 : 
MIG: 18:51:40 :  Valid Param: DDR3_USE_ODT_PORT ==> 1
MIG: 18:51:40 :  Invalid Param: DDR3_IS_CLK_SHARED ==> "FALSE"
MIG: 18:51:40 :  Invalid Param: DDR3_PHY_CONTROL_MASTER_BANK ==> 1
MIG: 18:51:40 :  Invalid Param: DDR3_MEM_DENSITY ==> "1Gb"
MIG: 18:51:40 :  Invalid Param: DDR3_MEM_SPEEDGRADE ==> "125"
MIG: 18:51:40 :  Invalid Param: DDR3_MEM_DEVICE_WIDTH ==> 8
MIG: 18:51:40 :  Invalid Param: DDR3_AL ==> "0"
MIG: 18:51:40 :  Invalid Param: DDR3_nAL ==> 0
MIG: 18:51:40 :  Invalid Param: DDR3_BURST_MODE ==> "8"
MIG: 18:51:40 :  Invalid Param: DDR3_BURST_TYPE ==> "SEQ"
MIG: 18:51:40 :  Invalid Param: DDR3_CL ==> 11
MIG: 18:51:40 :  Invalid Param: DDR3_CWL ==> 8
MIG: 18:51:40 :  Invalid Param: DDR3_OUTPUT_DRV ==> "HIGH"
MIG: 18:51:40 :  Invalid Param: DDR3_RTT_NOM ==> "40"
MIG: 18:51:40 :  Invalid Param: DDR3_RTT_WR ==> "OFF"
MIG: 18:51:40 :  Invalid Param: DDR3_ADDR_CMD_MODE ==> "1T"
MIG: 18:51:40 : 
MIG: 18:51:40 :  Valid Param: DDR3_REG_CTRL ==> OFF
MIG: 18:51:40 :  Invalid Param: DDR3_CA_MIRROR ==> "OFF"
MIG: 18:51:40 :  Invalid Param: DDR3_VDD_OP_VOLT ==> "150"
MIG: 18:51:40 :  Invalid Param: DDR3_CLKIN_PERIOD ==> 5000
MIG: 18:51:40 :  Invalid Param: DDR3_CLKFBOUT_MULT ==> 8
MIG: 18:51:40 :  Invalid Param: DDR3_DIVCLK_DIVIDE ==> 1
MIG: 18:51:40 :  Invalid Param: DDR3_CLKOUT0_PHASE ==> 337.5
MIG: 18:51:40 :  Invalid Param: DDR3_CLKOUT0_DIVIDE ==> 2
MIG: 18:51:40 :  Invalid Param: DDR3_CLKOUT1_DIVIDE ==> 2
MIG: 18:51:40 :  Invalid Param: DDR3_CLKOUT2_DIVIDE ==> 32
MIG: 18:51:40 :  Invalid Param: DDR3_CLKOUT3_DIVIDE ==> 8
MIG: 18:51:40 :  Invalid Param: DDR3_tCKE ==> 5000
MIG: 18:51:40 :  Invalid Param: DDR3_tFAW ==> 30000
MIG: 18:51:40 :  Invalid Param: DDR3_tPRDI ==> 1_000_000
MIG: 18:51:40 :  Invalid Param: DDR3_tRAS ==> 35000
MIG: 18:51:40 :  Invalid Param: DDR3_tRCD ==> 13125
MIG: 18:51:40 :  Invalid Param: DDR3_tREFI ==> 7800000
MIG: 18:51:40 :  Invalid Param: DDR3_tRFC ==> 110000
MIG: 18:51:40 :  Invalid Param: DDR3_tRP ==> 13125
MIG: 18:51:40 :  Invalid Param: DDR3_tRRD ==> 6000
MIG: 18:51:40 :  Invalid Param: DDR3_tRTP ==> 7500
MIG: 18:51:40 :  Invalid Param: DDR3_tWTR ==> 7500
MIG: 18:51:40 :  Invalid Param: DDR3_tZQI ==> 128_000_000
MIG: 18:51:40 :  Invalid Param: DDR3_tZQCS ==> 64
MIG: 18:51:40 :  Invalid Param: DDR3_SIM_BYPASS_INIT_CAL ==> "OFF"
MIG: 18:51:40 :  Invalid Param: DDR3_SIMULATION ==> "FALSE"
MIG: 18:51:40 :  Invalid Param: DDR3_BYTE_LANES_B0 ==> 4'b1111
MIG: 18:51:40 :  Invalid Param: DDR3_BYTE_LANES_B1 ==> 4'b0111
MIG: 18:51:40 :  Invalid Param: DDR3_BYTE_LANES_B2 ==> 4'b1111
MIG: 18:51:40 :  Invalid Param: DDR3_BYTE_LANES_B3 ==> 4'b0000
MIG: 18:51:40 :  Invalid Param: DDR3_BYTE_LANES_B4 ==> 4'b0000
MIG: 18:51:40 :  Invalid Param: DDR3_DATA_CTL_B0 ==> 4'b1111
MIG: 18:51:40 :  Invalid Param: DDR3_DATA_CTL_B1 ==> 4'b0000
MIG: 18:51:40 :  Invalid Param: DDR3_DATA_CTL_B2 ==> 4'b1111
MIG: 18:51:40 :  Invalid Param: DDR3_DATA_CTL_B3 ==> 4'b0000
MIG: 18:51:40 :  Invalid Param: DDR3_DATA_CTL_B4 ==> 4'b0000
MIG: 18:51:40 :  Invalid Param: DDR3_PHY_0_BITLANES ==> 48'h3FE_3FE_3FE_2FF
MIG: 18:51:40 :  Invalid Param: DDR3_PHY_1_BITLANES ==> 48'h000_CB0_473_FFF
MIG: 18:51:40 :  Invalid Param: DDR3_PHY_2_BITLANES ==> 48'h3FE_3FE_3FE_2FF
MIG: 18:51:40 :  Invalid Param: DDR3_CK_BYTE_MAP ==> 144'h00_00_00_00_00_00_00_00_00_00_00_00_00_00_00_00_00_11
MIG: 18:51:40 :  Invalid Param: DDR3_ADDR_MAP ==> 192'h000_000_111_110_109_108_107_106_10B_10A_105_104_103_102_101_100
MIG: 18:51:40 :  Invalid Param: DDR3_BANK_MAP ==> 36'h11A_115_114
MIG: 18:51:40 :  Invalid Param: DDR3_CAS_MAP ==> 12'h12A
MIG: 18:51:40 :  Invalid Param: DDR3_CKE_ODT_BYTE_MAP ==> 8'h00
MIG: 18:51:40 :  Invalid Param: DDR3_CKE_MAP ==> 96'h000_000_000_000_000_000_000_116
MIG: 18:51:40 :  Invalid Param: DDR3_ODT_MAP ==> 96'h000_000_000_000_000_000_000_127
MIG: 18:51:40 :  Invalid Param: DDR3_CS_MAP ==> 120'h000_000_000_000_000_000_000_000_000_12B
MIG: 18:51:40 :  Invalid Param: DDR3_PARITY_MAP ==> 12'h000
MIG: 18:51:40 :  Invalid Param: DDR3_RAS_MAP ==> 12'h125
MIG: 18:51:40 :  Invalid Param: DDR3_WE_MAP ==> 12'h124
MIG: 18:51:40 :  Invalid Param: DDR3_DQS_BYTE_MAP ==> 144'h00_00_00_00_00_00_00_00_00_00_03_02_01_00_23_22_21_20
MIG: 18:51:40 :  Invalid Param: DDR3_DATA0_MAP ==> 96'h200_209_206_203_204_205_202_207
MIG: 18:51:40 :  Invalid Param: DDR3_DATA1_MAP ==> 96'h219_218_214_215_217_212_216_213
MIG: 18:51:40 :  Invalid Param: DDR3_DATA2_MAP ==> 96'h225_224_229_226_223_222_228_227
MIG: 18:51:40 :  Invalid Param: DDR3_DATA3_MAP ==> 96'h238_236_234_233_235_237_232_239
MIG: 18:51:40 :  Invalid Param: DDR3_DATA4_MAP ==> 96'h005_003_000_009_007_006_004_002
MIG: 18:51:40 :  Invalid Param: DDR3_DATA5_MAP ==> 96'h013_012_018_019_015_014_017_016
MIG: 18:51:40 :  Invalid Param: DDR3_DATA6_MAP ==> 96'h023_027_022_029_024_025_028_026
MIG: 18:51:40 :  Invalid Param: DDR3_DATA7_MAP ==> 96'h039_037_033_032_035_034_038_036
MIG: 18:51:40 :  Invalid Param: DDR3_DATA8_MAP ==> 96'h000_000_000_000_000_000_000_000
MIG: 18:51:40 :  Invalid Param: DDR3_DATA9_MAP ==> 96'h000_000_000_000_000_000_000_000
MIG: 18:51:40 :  Invalid Param: DDR3_DATA10_MAP ==> 96'h000_000_000_000_000_000_000_000
MIG: 18:51:40 :  Invalid Param: DDR3_DATA11_MAP ==> 96'h000_000_000_000_000_000_000_000
MIG: 18:51:40 :  Invalid Param: DDR3_DATA12_MAP ==> 96'h000_000_000_000_000_000_000_000
MIG: 18:51:40 :  Invalid Param: DDR3_DATA13_MAP ==> 96'h000_000_000_000_000_000_000_000
MIG: 18:51:40 :  Invalid Param: DDR3_DATA14_MAP ==> 96'h000_000_000_000_000_000_000_000
MIG: 18:51:40 :  Invalid Param: DDR3_DATA15_MAP ==> 96'h000_000_000_000_000_000_000_000
MIG: 18:51:40 :  Invalid Param: DDR3_DATA16_MAP ==> 96'h000_000_000_000_000_000_000_000
MIG: 18:51:40 :  Invalid Param: DDR3_DATA17_MAP ==> 96'h000_000_000_000_000_000_000_000
MIG: 18:51:40 :  Invalid Param: DDR3_MASK0_MAP ==> 108'h000_031_021_011_001_231_221_211_201
MIG: 18:51:40 :  Invalid Param: DDR3_MASK1_MAP ==> 108'h000_000_000_000_000_000_000_000_000
MIG: 18:51:40 :  Invalid Param: DDR3_SLOT_0_CONFIG ==> 8'b0000_0001
MIG: 18:51:40 :  Invalid Param: DDR3_SLOT_1_CONFIG ==> 8'b0000_0000
MIG: 18:51:40 :  Invalid Param: DDR3_IBUF_LPWR_MODE ==> "OFF"
MIG: 18:51:40 :  Invalid Param: DDR3_DATA_IO_IDLE_PWRDWN ==> "ON"
MIG: 18:51:40 :  Invalid Param: DDR3_BANK_TYPE ==> "HP_IO"
MIG: 18:51:40 :  Invalid Param: DDR3_DATA_IO_PRIM_TYPE ==> "HP_LP"
MIG: 18:51:40 :  Invalid Param: DDR3_CKE_ODT_AUX ==> "FALSE"
MIG: 18:51:40 :  Invalid Param: DDR3_USER_REFRESH ==> "OFF"
MIG: 18:51:40 :  Invalid Param: DDR3_WRLVL ==> "ON"
MIG: 18:51:40 :  Invalid Param: DDR3_ORDERING ==> "NORM"
MIG: 18:51:40 :  Invalid Param: DDR3_CALIB_ROW_ADD ==> 16'h0000
MIG: 18:51:40 :  Invalid Param: DDR3_CALIB_COL_ADD ==> 12'h000
MIG: 18:51:40 :  Invalid Param: DDR3_CALIB_BA_ADD ==> 3'h0
MIG: 18:51:40 :  Invalid Param: DDR3_TCQ ==> 100
MIG: 18:51:40 :  Invalid Param: DDR3_IODELAY_GRP ==> "JTAG_DBG_BLOCK_MIG_7SERIES_0_0_IODELAY_MIG"
MIG: 18:51:40 :  Invalid Param: DDR3_SYSCLK_TYPE ==> "DIFFERENTIAL"
MIG: 18:51:40 :  Invalid Param: DDR3_REFCLK_TYPE ==> "USE_SYSTEM_CLOCK"
MIG: 18:51:40 :  Invalid Param: DDR3_SYS_RST_PORT ==> "FALSE"
MIG: 18:51:40 :  Invalid Param: DDR3_CMD_PIPE_PLUS1 ==> "ON"
MIG: 18:51:40 :  Invalid Param: DDR3_DRAM_TYPE ==> "DDR3"
MIG: 18:51:40 :  Invalid Param: DDR3_CAL_WIDTH ==> "HALF"
MIG: 18:51:40 :  Invalid Param: DDR3_STARVE_LIMIT ==> 2
MIG: 18:51:40 :  Invalid Param: DDR3_REFCLK_FREQ ==> 200.0
MIG: 18:51:40 :  Invalid Param: DDR3_DIFF_TERM_REFCLK ==> "TRUE"
MIG: 18:51:40 :  Invalid Param: DDR3_tCK ==> 1250
MIG: 18:51:40 : 
MIG: 18:51:40 :  Valid Param: DDR3_nCK_PER_CLK ==> 4
MIG: 18:51:40 :  Invalid Param: DDR3_DIFF_TERM_SYSCLK ==> "FALSE"
MIG: 18:51:40 : 
MIG: 18:51:40 :  Valid Param: UI_EXTRA_CLOCKS ==> FALSE
MIG: 18:51:40 : 
MIG: 18:51:40 :  Valid Param: C_S_AXI_ID_WIDTH ==> 1
MIG: 18:51:40 : 
MIG: 18:51:40 :  Valid Param: C_S_AXI_MEM_SIZE ==> 1073741824
MIG: 18:51:40 : 
MIG: 18:51:40 :  Valid Param: C_S_AXI_ADDR_WIDTH ==> 30
MIG: 18:51:40 : 
MIG: 18:51:40 :  Valid Param: C_S_AXI_DATA_WIDTH ==> 512
MIG: 18:51:40 :  Invalid Param: DDR3_C_MC_nCK_PER_CLK ==> 4
MIG: 18:51:40 :  Invalid Param: C_S_AXI_SUPPORTS_NARROW_BURST ==> 1
MIG: 18:51:40 :  Invalid Param: DDR3_C_RD_WR_ARB_ALGORITHM ==> "RD_PRI_REG"
MIG: 18:51:40 :  Invalid Param: C_S_AXI_REG_EN0 ==> 20'h00000
MIG: 18:51:40 :  Invalid Param: C_S_AXI_REG_EN1 ==> 20'h00000
MIG: 18:51:40 : 
MIG: 18:51:40 :  Valid Param: C_S_AXI_CTRL_ADDR_WIDTH ==> 32
MIG: 18:51:40 : 
MIG: 18:51:40 :  Valid Param: C_S_AXI_CTRL_DATA_WIDTH ==> 32
MIG: 18:51:40 :  Invalid Param: C_S_AXI_BASEADDR ==> 32'h0000_0000
MIG: 18:51:40 :  Invalid Param: C_ECC_ONOFF_RESET_VALUE ==> 1
MIG: 18:51:40 :  Invalid Param: C_ECC_CE_COUNTER_WIDTH ==> 8
MIG: 18:51:40 : 
MIG: 18:51:40 :  Valid Param: DDR3_DEBUG_PORT ==> OFF
MIG: 18:51:40 : 
MIG: 18:51:40 :  Invalid Param: DDR3_TEMP_MON_CONTROL ==> "INTERNAL"
MIG: 18:51:40 :  Invalid Param: DDR3_RST_ACT_LOW ==> 0
MIG: 18:51:40 : 
MIG: 18:51:40 : 
MIG: 18:51:40 : 
MIG: 18:51:40 : Same Interface
MIG: 18:53:30 : xml_input_file: mig_a.prj
MIG: 18:53:30 : abs: /home/sanjayr/projects/KC705/JTAG_VIO_AXI_DEBUGGER/Vivado_2013.3_test/axi_jtag_debugger_IPI_example/vivado_prj/project_X/project_X.srcs/sources_1/bd/jtag_dbg_block/ip/jtag_dbg_block_mig_7series_0_0/mig_a.prj
MIG: 18:53:30 : In updateAllModelParams
MIG: 18:53:30 : IGN:     <ModuleName>jtag_dbg_block_mig_7series_0_0</ModuleName> <==>     <ModuleName>jtag_dbg_block_mig_7series_0_0</ModuleName> 
MIG: 18:53:30 : IGN:         <InputClkFreq>200</InputClkFreq> <==>         <InputClkFreq>200</InputClkFreq> 
MIG: 18:53:30 : XGUI hdlLanguage: Verilog
MIG: 18:53:30 : xgui vivado_mode: xpg_bd
MIG: 18:53:30 : xgui hdlLanguage: Verilog -- hdlExt: v
MIG: 18:53:30 : Reading /home/sanjayr/projects/KC705/JTAG_VIO_AXI_DEBUGGER/Vivado_2013.3_test/axi_jtag_debugger_IPI_example/vivado_prj/project_X/project_X.srcs/sources_1/bd/jtag_dbg_block/ip/jtag_dbg_block_mig_7series_0_0/jtag_dbg_block_mig_7series_0_0/user_design/rtl/jtag_dbg_block_mig_7series_0_0.v ...
MIG: 18:53:31 : 
MIG: 18:53:31 : Inside fn mem: DDR3
MIG: 18:53:31 : QDRII+ Inside fn ui: 200000000
MIG: 18:53:31 : 
MIG: 18:53:31 : 
MIG: 18:53:31 : 
MIG: 18:53:31 : 
MIG: 18:53:31 :  polarity_value: 0
MIG: 18:53:31 : 
MIG: 18:53:31 : 
MIG: 18:53:31 : 
MIG: 18:53:31 :  Valid Param: DDR3_BANK_WIDTH ==> 3
MIG: 18:53:31 : 
MIG: 18:53:31 :  Valid Param: DDR3_CK_WIDTH ==> 1
MIG: 18:53:31 :  Invalid Param: DDR3_COL_WIDTH ==> 10
MIG: 18:53:31 : 
MIG: 18:53:31 :  Valid Param: DDR3_CS_WIDTH ==> 1
MIG: 18:53:31 : 
MIG: 18:53:31 :  Valid Param: DDR3_nCS_PER_RANK ==> 1
MIG: 18:53:31 : 
MIG: 18:53:31 :  Valid Param: DDR3_CKE_WIDTH ==> 1
MIG: 18:53:31 :  Invalid Param: DDR3_DATA_BUF_ADDR_WIDTH ==> 5
MIG: 18:53:31 :  Invalid Param: DDR3_DQ_CNT_WIDTH ==> 6
MIG: 18:53:31 :  Invalid Param: DDR3_DQ_PER_DM ==> 8
MIG: 18:53:31 : 
MIG: 18:53:31 :  Valid Param: DDR3_DM_WIDTH ==> 8
MIG: 18:53:31 : 
MIG: 18:53:31 :  Valid Param: DDR3_DQ_WIDTH ==> 64
MIG: 18:53:31 : 
MIG: 18:53:31 :  Valid Param: DDR3_DQS_WIDTH ==> 8
MIG: 18:53:31 : 
MIG: 18:53:31 :  Valid Param: DDR3_DQS_CNT_WIDTH ==> 3
MIG: 18:53:31 :  Invalid Param: DDR3_DRAM_WIDTH ==> 8
MIG: 18:53:31 : 
MIG: 18:53:31 :  Valid Param: ECC ==> OFF
MIG: 18:53:31 : 
MIG: 18:53:31 :  Valid Param: DDR3_DATA_WIDTH ==> 64
MIG: 18:53:31 :  Invalid Param: ECC_TEST ==> "OFF"
MIG: 18:53:31 :  Invalid Param: DDR3_PAYLOAD_WIDTH ==> (ECC_TEST == "OFF") ? DATA_WIDTH : DQ_WIDTH
MIG: 18:53:31 :  Invalid Param: DDR3_MEM_ADDR_ORDER ==> "BANK_ROW_COLUMN"
MIG: 18:53:31 :  Invalid Param: DDR3_nBANK_MACHS ==> 4
MIG: 18:53:31 :  Invalid Param: DDR3_RANKS ==> 1
MIG: 18:53:31 : 
MIG: 18:53:31 :  Valid Param: DDR3_ODT_WIDTH ==> 1
MIG: 18:53:31 : 
MIG: 18:53:31 :  Valid Param: DDR3_ROW_WIDTH ==> 14
MIG: 18:53:31 : 
MIG: 18:53:31 :  Valid Param: DDR3_ADDR_WIDTH ==> 28
MIG: 18:53:31 : 
MIG: 18:53:31 :  Valid Param: DDR3_USE_CS_PORT ==> 1
MIG: 18:53:31 : 
MIG: 18:53:31 :  Valid Param: DDR3_USE_DM_PORT ==> 1
MIG: 18:53:31 : 
MIG: 18:53:31 :  Valid Param: DDR3_USE_ODT_PORT ==> 1
MIG: 18:53:31 :  Invalid Param: DDR3_IS_CLK_SHARED ==> "FALSE"
MIG: 18:53:31 :  Invalid Param: DDR3_PHY_CONTROL_MASTER_BANK ==> 1
MIG: 18:53:31 :  Invalid Param: DDR3_MEM_DENSITY ==> "1Gb"
MIG: 18:53:31 :  Invalid Param: DDR3_MEM_SPEEDGRADE ==> "125"
MIG: 18:53:31 :  Invalid Param: DDR3_MEM_DEVICE_WIDTH ==> 8
MIG: 18:53:31 :  Invalid Param: DDR3_AL ==> "0"
MIG: 18:53:31 :  Invalid Param: DDR3_nAL ==> 0
MIG: 18:53:31 :  Invalid Param: DDR3_BURST_MODE ==> "8"
MIG: 18:53:31 :  Invalid Param: DDR3_BURST_TYPE ==> "SEQ"
MIG: 18:53:31 :  Invalid Param: DDR3_CL ==> 11
MIG: 18:53:31 :  Invalid Param: DDR3_CWL ==> 8
MIG: 18:53:31 :  Invalid Param: DDR3_OUTPUT_DRV ==> "HIGH"
MIG: 18:53:31 :  Invalid Param: DDR3_RTT_NOM ==> "40"
MIG: 18:53:31 :  Invalid Param: DDR3_RTT_WR ==> "OFF"
MIG: 18:53:31 :  Invalid Param: DDR3_ADDR_CMD_MODE ==> "1T"
MIG: 18:53:31 : 
MIG: 18:53:31 :  Valid Param: DDR3_REG_CTRL ==> OFF
MIG: 18:53:31 :  Invalid Param: DDR3_CA_MIRROR ==> "OFF"
MIG: 18:53:31 :  Invalid Param: DDR3_VDD_OP_VOLT ==> "150"
MIG: 18:53:31 :  Invalid Param: DDR3_CLKIN_PERIOD ==> 5000
MIG: 18:53:31 :  Invalid Param: DDR3_CLKFBOUT_MULT ==> 8
MIG: 18:53:31 :  Invalid Param: DDR3_DIVCLK_DIVIDE ==> 1
MIG: 18:53:31 :  Invalid Param: DDR3_CLKOUT0_PHASE ==> 337.5
MIG: 18:53:31 :  Invalid Param: DDR3_CLKOUT0_DIVIDE ==> 2
MIG: 18:53:31 :  Invalid Param: DDR3_CLKOUT1_DIVIDE ==> 2
MIG: 18:53:31 :  Invalid Param: DDR3_CLKOUT2_DIVIDE ==> 32
MIG: 18:53:31 :  Invalid Param: DDR3_CLKOUT3_DIVIDE ==> 8
MIG: 18:53:31 :  Invalid Param: DDR3_tCKE ==> 5000
MIG: 18:53:31 :  Invalid Param: DDR3_tFAW ==> 30000
MIG: 18:53:31 :  Invalid Param: DDR3_tPRDI ==> 1_000_000
MIG: 18:53:31 :  Invalid Param: DDR3_tRAS ==> 35000
MIG: 18:53:31 :  Invalid Param: DDR3_tRCD ==> 13125
MIG: 18:53:31 :  Invalid Param: DDR3_tREFI ==> 7800000
MIG: 18:53:31 :  Invalid Param: DDR3_tRFC ==> 110000
MIG: 18:53:31 :  Invalid Param: DDR3_tRP ==> 13125
MIG: 18:53:31 :  Invalid Param: DDR3_tRRD ==> 6000
MIG: 18:53:31 :  Invalid Param: DDR3_tRTP ==> 7500
MIG: 18:53:31 :  Invalid Param: DDR3_tWTR ==> 7500
MIG: 18:53:31 :  Invalid Param: DDR3_tZQI ==> 128_000_000
MIG: 18:53:31 :  Invalid Param: DDR3_tZQCS ==> 64
MIG: 18:53:31 :  Invalid Param: DDR3_SIM_BYPASS_INIT_CAL ==> "OFF"
MIG: 18:53:31 :  Invalid Param: DDR3_SIMULATION ==> "FALSE"
MIG: 18:53:31 :  Invalid Param: DDR3_BYTE_LANES_B0 ==> 4'b1111
MIG: 18:53:31 :  Invalid Param: DDR3_BYTE_LANES_B1 ==> 4'b0111
MIG: 18:53:31 :  Invalid Param: DDR3_BYTE_LANES_B2 ==> 4'b1111
MIG: 18:53:31 :  Invalid Param: DDR3_BYTE_LANES_B3 ==> 4'b0000
MIG: 18:53:31 :  Invalid Param: DDR3_BYTE_LANES_B4 ==> 4'b0000
MIG: 18:53:31 :  Invalid Param: DDR3_DATA_CTL_B0 ==> 4'b1111
MIG: 18:53:31 :  Invalid Param: DDR3_DATA_CTL_B1 ==> 4'b0000
MIG: 18:53:31 :  Invalid Param: DDR3_DATA_CTL_B2 ==> 4'b1111
MIG: 18:53:31 :  Invalid Param: DDR3_DATA_CTL_B3 ==> 4'b0000
MIG: 18:53:31 :  Invalid Param: DDR3_DATA_CTL_B4 ==> 4'b0000
MIG: 18:53:31 :  Invalid Param: DDR3_PHY_0_BITLANES ==> 48'h3FE_3FE_3FE_2FF
MIG: 18:53:31 :  Invalid Param: DDR3_PHY_1_BITLANES ==> 48'h000_CB0_473_FFF
MIG: 18:53:31 :  Invalid Param: DDR3_PHY_2_BITLANES ==> 48'h3FE_3FE_3FE_2FF
MIG: 18:53:31 :  Invalid Param: DDR3_CK_BYTE_MAP ==> 144'h00_00_00_00_00_00_00_00_00_00_00_00_00_00_00_00_00_11
MIG: 18:53:31 :  Invalid Param: DDR3_ADDR_MAP ==> 192'h000_000_111_110_109_108_107_106_10B_10A_105_104_103_102_101_100
MIG: 18:53:31 :  Invalid Param: DDR3_BANK_MAP ==> 36'h11A_115_114
MIG: 18:53:31 :  Invalid Param: DDR3_CAS_MAP ==> 12'h12A
MIG: 18:53:31 :  Invalid Param: DDR3_CKE_ODT_BYTE_MAP ==> 8'h00
MIG: 18:53:31 :  Invalid Param: DDR3_CKE_MAP ==> 96'h000_000_000_000_000_000_000_116
MIG: 18:53:31 :  Invalid Param: DDR3_ODT_MAP ==> 96'h000_000_000_000_000_000_000_127
MIG: 18:53:31 :  Invalid Param: DDR3_CS_MAP ==> 120'h000_000_000_000_000_000_000_000_000_12B
MIG: 18:53:31 :  Invalid Param: DDR3_PARITY_MAP ==> 12'h000
MIG: 18:53:31 :  Invalid Param: DDR3_RAS_MAP ==> 12'h125
MIG: 18:53:31 :  Invalid Param: DDR3_WE_MAP ==> 12'h124
MIG: 18:53:31 :  Invalid Param: DDR3_DQS_BYTE_MAP ==> 144'h00_00_00_00_00_00_00_00_00_00_03_02_01_00_23_22_21_20
MIG: 18:53:31 :  Invalid Param: DDR3_DATA0_MAP ==> 96'h200_209_206_203_204_205_202_207
MIG: 18:53:31 :  Invalid Param: DDR3_DATA1_MAP ==> 96'h219_218_214_215_217_212_216_213
MIG: 18:53:31 :  Invalid Param: DDR3_DATA2_MAP ==> 96'h225_224_229_226_223_222_228_227
MIG: 18:53:31 :  Invalid Param: DDR3_DATA3_MAP ==> 96'h238_236_234_233_235_237_232_239
MIG: 18:53:31 :  Invalid Param: DDR3_DATA4_MAP ==> 96'h005_003_000_009_007_006_004_002
MIG: 18:53:31 :  Invalid Param: DDR3_DATA5_MAP ==> 96'h013_012_018_019_015_014_017_016
MIG: 18:53:31 :  Invalid Param: DDR3_DATA6_MAP ==> 96'h023_027_022_029_024_025_028_026
MIG: 18:53:31 :  Invalid Param: DDR3_DATA7_MAP ==> 96'h039_037_033_032_035_034_038_036
MIG: 18:53:31 :  Invalid Param: DDR3_DATA8_MAP ==> 96'h000_000_000_000_000_000_000_000
MIG: 18:53:31 :  Invalid Param: DDR3_DATA9_MAP ==> 96'h000_000_000_000_000_000_000_000
MIG: 18:53:31 :  Invalid Param: DDR3_DATA10_MAP ==> 96'h000_000_000_000_000_000_000_000
MIG: 18:53:31 :  Invalid Param: DDR3_DATA11_MAP ==> 96'h000_000_000_000_000_000_000_000
MIG: 18:53:31 :  Invalid Param: DDR3_DATA12_MAP ==> 96'h000_000_000_000_000_000_000_000
MIG: 18:53:31 :  Invalid Param: DDR3_DATA13_MAP ==> 96'h000_000_000_000_000_000_000_000
MIG: 18:53:31 :  Invalid Param: DDR3_DATA14_MAP ==> 96'h000_000_000_000_000_000_000_000
MIG: 18:53:31 :  Invalid Param: DDR3_DATA15_MAP ==> 96'h000_000_000_000_000_000_000_000
MIG: 18:53:31 :  Invalid Param: DDR3_DATA16_MAP ==> 96'h000_000_000_000_000_000_000_000
MIG: 18:53:31 :  Invalid Param: DDR3_DATA17_MAP ==> 96'h000_000_000_000_000_000_000_000
MIG: 18:53:31 :  Invalid Param: DDR3_MASK0_MAP ==> 108'h000_031_021_011_001_231_221_211_201
MIG: 18:53:31 :  Invalid Param: DDR3_MASK1_MAP ==> 108'h000_000_000_000_000_000_000_000_000
MIG: 18:53:31 :  Invalid Param: DDR3_SLOT_0_CONFIG ==> 8'b0000_0001
MIG: 18:53:31 :  Invalid Param: DDR3_SLOT_1_CONFIG ==> 8'b0000_0000
MIG: 18:53:31 :  Invalid Param: DDR3_IBUF_LPWR_MODE ==> "OFF"
MIG: 18:53:31 :  Invalid Param: DDR3_DATA_IO_IDLE_PWRDWN ==> "ON"
MIG: 18:53:31 :  Invalid Param: DDR3_BANK_TYPE ==> "HP_IO"
MIG: 18:53:31 :  Invalid Param: DDR3_DATA_IO_PRIM_TYPE ==> "HP_LP"
MIG: 18:53:31 :  Invalid Param: DDR3_CKE_ODT_AUX ==> "FALSE"
MIG: 18:53:31 :  Invalid Param: DDR3_USER_REFRESH ==> "OFF"
MIG: 18:53:31 :  Invalid Param: DDR3_WRLVL ==> "ON"
MIG: 18:53:31 :  Invalid Param: DDR3_ORDERING ==> "NORM"
MIG: 18:53:31 :  Invalid Param: DDR3_CALIB_ROW_ADD ==> 16'h0000
MIG: 18:53:31 :  Invalid Param: DDR3_CALIB_COL_ADD ==> 12'h000
MIG: 18:53:31 :  Invalid Param: DDR3_CALIB_BA_ADD ==> 3'h0
MIG: 18:53:31 :  Invalid Param: DDR3_TCQ ==> 100
MIG: 18:53:31 :  Invalid Param: DDR3_IODELAY_GRP ==> "JTAG_DBG_BLOCK_MIG_7SERIES_0_0_IODELAY_MIG"
MIG: 18:53:31 :  Invalid Param: DDR3_SYSCLK_TYPE ==> "DIFFERENTIAL"
MIG: 18:53:31 :  Invalid Param: DDR3_REFCLK_TYPE ==> "USE_SYSTEM_CLOCK"
MIG: 18:53:31 :  Invalid Param: DDR3_SYS_RST_PORT ==> "FALSE"
MIG: 18:53:31 :  Invalid Param: DDR3_CMD_PIPE_PLUS1 ==> "ON"
MIG: 18:53:31 :  Invalid Param: DDR3_DRAM_TYPE ==> "DDR3"
MIG: 18:53:31 :  Invalid Param: DDR3_CAL_WIDTH ==> "HALF"
MIG: 18:53:31 :  Invalid Param: DDR3_STARVE_LIMIT ==> 2
MIG: 18:53:31 :  Invalid Param: DDR3_REFCLK_FREQ ==> 200.0
MIG: 18:53:31 :  Invalid Param: DDR3_DIFF_TERM_REFCLK ==> "TRUE"
MIG: 18:53:31 :  Invalid Param: DDR3_tCK ==> 1250
MIG: 18:53:31 : 
MIG: 18:53:31 :  Valid Param: DDR3_nCK_PER_CLK ==> 4
MIG: 18:53:31 :  Invalid Param: DDR3_DIFF_TERM_SYSCLK ==> "FALSE"
MIG: 18:53:31 : 
MIG: 18:53:31 :  Valid Param: UI_EXTRA_CLOCKS ==> FALSE
MIG: 18:53:31 : 
MIG: 18:53:31 :  Valid Param: C_S_AXI_ID_WIDTH ==> 1
MIG: 18:53:31 : 
MIG: 18:53:31 :  Valid Param: C_S_AXI_MEM_SIZE ==> 1073741824
MIG: 18:53:31 : 
MIG: 18:53:31 :  Valid Param: C_S_AXI_ADDR_WIDTH ==> 30
MIG: 18:53:31 : 
MIG: 18:53:31 :  Valid Param: C_S_AXI_DATA_WIDTH ==> 512
MIG: 18:53:31 :  Invalid Param: DDR3_C_MC_nCK_PER_CLK ==> 4
MIG: 18:53:31 :  Invalid Param: C_S_AXI_SUPPORTS_NARROW_BURST ==> 1
MIG: 18:53:31 :  Invalid Param: DDR3_C_RD_WR_ARB_ALGORITHM ==> "RD_PRI_REG"
MIG: 18:53:31 :  Invalid Param: C_S_AXI_REG_EN0 ==> 20'h00000
MIG: 18:53:31 :  Invalid Param: C_S_AXI_REG_EN1 ==> 20'h00000
MIG: 18:53:31 : 
MIG: 18:53:31 :  Valid Param: C_S_AXI_CTRL_ADDR_WIDTH ==> 32
MIG: 18:53:31 : 
MIG: 18:53:31 :  Valid Param: C_S_AXI_CTRL_DATA_WIDTH ==> 32
MIG: 18:53:31 :  Invalid Param: C_S_AXI_BASEADDR ==> 32'h0000_0000
MIG: 18:53:31 :  Invalid Param: C_ECC_ONOFF_RESET_VALUE ==> 1
MIG: 18:53:31 :  Invalid Param: C_ECC_CE_COUNTER_WIDTH ==> 8
MIG: 18:53:31 : 
MIG: 18:53:31 :  Valid Param: DDR3_DEBUG_PORT ==> OFF
MIG: 18:53:31 : 
MIG: 18:53:31 :  Invalid Param: DDR3_TEMP_MON_CONTROL ==> "INTERNAL"
MIG: 18:53:31 :  Invalid Param: DDR3_RST_ACT_LOW ==> 0
MIG: 18:53:31 : 
MIG: 18:53:31 : 
MIG: 18:53:31 : 
MIG: 18:53:31 : Same Interface
MIG: 18:54:31 : xml_input_file: mig_a.prj
MIG: 18:54:31 : abs: /home/sanjayr/projects/KC705/JTAG_VIO_AXI_DEBUGGER/Vivado_2013.3_test/axi_jtag_debugger_IPI_example/vivado_prj/project_X/project_X.srcs/sources_1/bd/jtag_dbg_block/ip/jtag_dbg_block_mig_7series_0_0/mig_a.prj
MIG: 18:54:31 : In updateAllModelParams
MIG: 18:54:31 : XGUI hdlLanguage: Verilog
MIG: 18:54:31 : xgui vivado_mode: xpg_bd
MIG: 18:54:31 : xgui hdlLanguage: Verilog -- hdlExt: v
MIG: 18:54:31 : Reading /home/sanjayr/projects/KC705/JTAG_VIO_AXI_DEBUGGER/Vivado_2013.3_test/axi_jtag_debugger_IPI_example/vivado_prj/project_X/project_X.srcs/sources_1/bd/jtag_dbg_block/ip/jtag_dbg_block_mig_7series_0_0/jtag_dbg_block_mig_7series_0_0/user_design/rtl/jtag_dbg_block_mig_7series_0_0.v ...
MIG: 18:54:32 : 
MIG: 18:54:32 : Inside fn mem: DDR3
MIG: 18:54:32 : QDRII+ Inside fn ui: 200000000
MIG: 18:54:32 : 
MIG: 18:54:32 : 
MIG: 18:54:32 : 
MIG: 18:54:32 : 
MIG: 18:54:32 :  polarity_value: 0
MIG: 18:54:32 : 
MIG: 18:54:32 : 
MIG: 18:54:32 : 
MIG: 18:54:32 :  Valid Param: DDR3_BANK_WIDTH ==> 3
MIG: 18:54:32 : 
MIG: 18:54:32 :  Valid Param: DDR3_CK_WIDTH ==> 1
MIG: 18:54:32 :  Invalid Param: DDR3_COL_WIDTH ==> 10
MIG: 18:54:32 : 
MIG: 18:54:32 :  Valid Param: DDR3_CS_WIDTH ==> 1
MIG: 18:54:32 : 
MIG: 18:54:32 :  Valid Param: DDR3_nCS_PER_RANK ==> 1
MIG: 18:54:32 : 
MIG: 18:54:32 :  Valid Param: DDR3_CKE_WIDTH ==> 1
MIG: 18:54:32 :  Invalid Param: DDR3_DATA_BUF_ADDR_WIDTH ==> 5
MIG: 18:54:32 :  Invalid Param: DDR3_DQ_CNT_WIDTH ==> 6
MIG: 18:54:32 :  Invalid Param: DDR3_DQ_PER_DM ==> 8
MIG: 18:54:32 : 
MIG: 18:54:32 :  Valid Param: DDR3_DM_WIDTH ==> 8
MIG: 18:54:32 : 
MIG: 18:54:32 :  Valid Param: DDR3_DQ_WIDTH ==> 64
MIG: 18:54:32 : 
MIG: 18:54:32 :  Valid Param: DDR3_DQS_WIDTH ==> 8
MIG: 18:54:32 : 
MIG: 18:54:32 :  Valid Param: DDR3_DQS_CNT_WIDTH ==> 3
MIG: 18:54:32 :  Invalid Param: DDR3_DRAM_WIDTH ==> 8
MIG: 18:54:32 : 
MIG: 18:54:32 :  Valid Param: ECC ==> OFF
MIG: 18:54:32 : 
MIG: 18:54:32 :  Valid Param: DDR3_DATA_WIDTH ==> 64
MIG: 18:54:32 :  Invalid Param: ECC_TEST ==> "OFF"
MIG: 18:54:32 :  Invalid Param: DDR3_PAYLOAD_WIDTH ==> (ECC_TEST == "OFF") ? DATA_WIDTH : DQ_WIDTH
MIG: 18:54:32 :  Invalid Param: DDR3_MEM_ADDR_ORDER ==> "BANK_ROW_COLUMN"
MIG: 18:54:32 :  Invalid Param: DDR3_nBANK_MACHS ==> 4
MIG: 18:54:32 :  Invalid Param: DDR3_RANKS ==> 1
MIG: 18:54:32 : 
MIG: 18:54:32 :  Valid Param: DDR3_ODT_WIDTH ==> 1
MIG: 18:54:32 : 
MIG: 18:54:32 :  Valid Param: DDR3_ROW_WIDTH ==> 14
MIG: 18:54:32 : 
MIG: 18:54:32 :  Valid Param: DDR3_ADDR_WIDTH ==> 28
MIG: 18:54:32 : 
MIG: 18:54:32 :  Valid Param: DDR3_USE_CS_PORT ==> 1
MIG: 18:54:32 : 
MIG: 18:54:32 :  Valid Param: DDR3_USE_DM_PORT ==> 1
MIG: 18:54:32 : 
MIG: 18:54:32 :  Valid Param: DDR3_USE_ODT_PORT ==> 1
MIG: 18:54:32 :  Invalid Param: DDR3_IS_CLK_SHARED ==> "FALSE"
MIG: 18:54:32 :  Invalid Param: DDR3_PHY_CONTROL_MASTER_BANK ==> 1
MIG: 18:54:32 :  Invalid Param: DDR3_MEM_DENSITY ==> "1Gb"
MIG: 18:54:32 :  Invalid Param: DDR3_MEM_SPEEDGRADE ==> "125"
MIG: 18:54:32 :  Invalid Param: DDR3_MEM_DEVICE_WIDTH ==> 8
MIG: 18:54:32 :  Invalid Param: DDR3_AL ==> "0"
MIG: 18:54:32 :  Invalid Param: DDR3_nAL ==> 0
MIG: 18:54:32 :  Invalid Param: DDR3_BURST_MODE ==> "8"
MIG: 18:54:32 :  Invalid Param: DDR3_BURST_TYPE ==> "SEQ"
MIG: 18:54:32 :  Invalid Param: DDR3_CL ==> 11
MIG: 18:54:32 :  Invalid Param: DDR3_CWL ==> 8
MIG: 18:54:32 :  Invalid Param: DDR3_OUTPUT_DRV ==> "HIGH"
MIG: 18:54:32 :  Invalid Param: DDR3_RTT_NOM ==> "40"
MIG: 18:54:32 :  Invalid Param: DDR3_RTT_WR ==> "OFF"
MIG: 18:54:32 :  Invalid Param: DDR3_ADDR_CMD_MODE ==> "1T"
MIG: 18:54:32 : 
MIG: 18:54:32 :  Valid Param: DDR3_REG_CTRL ==> OFF
MIG: 18:54:32 :  Invalid Param: DDR3_CA_MIRROR ==> "OFF"
MIG: 18:54:32 :  Invalid Param: DDR3_VDD_OP_VOLT ==> "150"
MIG: 18:54:32 :  Invalid Param: DDR3_CLKIN_PERIOD ==> 5000
MIG: 18:54:32 :  Invalid Param: DDR3_CLKFBOUT_MULT ==> 8
MIG: 18:54:32 :  Invalid Param: DDR3_DIVCLK_DIVIDE ==> 1
MIG: 18:54:32 :  Invalid Param: DDR3_CLKOUT0_PHASE ==> 337.5
MIG: 18:54:32 :  Invalid Param: DDR3_CLKOUT0_DIVIDE ==> 2
MIG: 18:54:32 :  Invalid Param: DDR3_CLKOUT1_DIVIDE ==> 2
MIG: 18:54:32 :  Invalid Param: DDR3_CLKOUT2_DIVIDE ==> 32
MIG: 18:54:32 :  Invalid Param: DDR3_CLKOUT3_DIVIDE ==> 8
MIG: 18:54:32 :  Invalid Param: DDR3_tCKE ==> 5000
MIG: 18:54:32 :  Invalid Param: DDR3_tFAW ==> 30000
MIG: 18:54:32 :  Invalid Param: DDR3_tPRDI ==> 1_000_000
MIG: 18:54:32 :  Invalid Param: DDR3_tRAS ==> 35000
MIG: 18:54:32 :  Invalid Param: DDR3_tRCD ==> 13125
MIG: 18:54:32 :  Invalid Param: DDR3_tREFI ==> 7800000
MIG: 18:54:32 :  Invalid Param: DDR3_tRFC ==> 110000
MIG: 18:54:32 :  Invalid Param: DDR3_tRP ==> 13125
MIG: 18:54:32 :  Invalid Param: DDR3_tRRD ==> 6000
MIG: 18:54:32 :  Invalid Param: DDR3_tRTP ==> 7500
MIG: 18:54:32 :  Invalid Param: DDR3_tWTR ==> 7500
MIG: 18:54:32 :  Invalid Param: DDR3_tZQI ==> 128_000_000
MIG: 18:54:32 :  Invalid Param: DDR3_tZQCS ==> 64
MIG: 18:54:32 :  Invalid Param: DDR3_SIM_BYPASS_INIT_CAL ==> "OFF"
MIG: 18:54:32 :  Invalid Param: DDR3_SIMULATION ==> "FALSE"
MIG: 18:54:32 :  Invalid Param: DDR3_BYTE_LANES_B0 ==> 4'b1111
MIG: 18:54:32 :  Invalid Param: DDR3_BYTE_LANES_B1 ==> 4'b0111
MIG: 18:54:32 :  Invalid Param: DDR3_BYTE_LANES_B2 ==> 4'b1111
MIG: 18:54:32 :  Invalid Param: DDR3_BYTE_LANES_B3 ==> 4'b0000
MIG: 18:54:32 :  Invalid Param: DDR3_BYTE_LANES_B4 ==> 4'b0000
MIG: 18:54:32 :  Invalid Param: DDR3_DATA_CTL_B0 ==> 4'b1111
MIG: 18:54:32 :  Invalid Param: DDR3_DATA_CTL_B1 ==> 4'b0000
MIG: 18:54:32 :  Invalid Param: DDR3_DATA_CTL_B2 ==> 4'b1111
MIG: 18:54:32 :  Invalid Param: DDR3_DATA_CTL_B3 ==> 4'b0000
MIG: 18:54:32 :  Invalid Param: DDR3_DATA_CTL_B4 ==> 4'b0000
MIG: 18:54:32 :  Invalid Param: DDR3_PHY_0_BITLANES ==> 48'h3FE_3FE_3FE_2FF
MIG: 18:54:32 :  Invalid Param: DDR3_PHY_1_BITLANES ==> 48'h000_CB0_473_FFF
MIG: 18:54:32 :  Invalid Param: DDR3_PHY_2_BITLANES ==> 48'h3FE_3FE_3FE_2FF
MIG: 18:54:32 :  Invalid Param: DDR3_CK_BYTE_MAP ==> 144'h00_00_00_00_00_00_00_00_00_00_00_00_00_00_00_00_00_11
MIG: 18:54:32 :  Invalid Param: DDR3_ADDR_MAP ==> 192'h000_000_111_110_109_108_107_106_10B_10A_105_104_103_102_101_100
MIG: 18:54:32 :  Invalid Param: DDR3_BANK_MAP ==> 36'h11A_115_114
MIG: 18:54:32 :  Invalid Param: DDR3_CAS_MAP ==> 12'h12A
MIG: 18:54:32 :  Invalid Param: DDR3_CKE_ODT_BYTE_MAP ==> 8'h00
MIG: 18:54:32 :  Invalid Param: DDR3_CKE_MAP ==> 96'h000_000_000_000_000_000_000_116
MIG: 18:54:32 :  Invalid Param: DDR3_ODT_MAP ==> 96'h000_000_000_000_000_000_000_127
MIG: 18:54:32 :  Invalid Param: DDR3_CS_MAP ==> 120'h000_000_000_000_000_000_000_000_000_12B
MIG: 18:54:32 :  Invalid Param: DDR3_PARITY_MAP ==> 12'h000
MIG: 18:54:32 :  Invalid Param: DDR3_RAS_MAP ==> 12'h125
MIG: 18:54:32 :  Invalid Param: DDR3_WE_MAP ==> 12'h124
MIG: 18:54:32 :  Invalid Param: DDR3_DQS_BYTE_MAP ==> 144'h00_00_00_00_00_00_00_00_00_00_03_02_01_00_23_22_21_20
MIG: 18:54:32 :  Invalid Param: DDR3_DATA0_MAP ==> 96'h200_209_206_203_204_205_202_207
MIG: 18:54:32 :  Invalid Param: DDR3_DATA1_MAP ==> 96'h219_218_214_215_217_212_216_213
MIG: 18:54:32 :  Invalid Param: DDR3_DATA2_MAP ==> 96'h225_224_229_226_223_222_228_227
MIG: 18:54:32 :  Invalid Param: DDR3_DATA3_MAP ==> 96'h238_236_234_233_235_237_232_239
MIG: 18:54:32 :  Invalid Param: DDR3_DATA4_MAP ==> 96'h005_003_000_009_007_006_004_002
MIG: 18:54:32 :  Invalid Param: DDR3_DATA5_MAP ==> 96'h013_012_018_019_015_014_017_016
MIG: 18:54:32 :  Invalid Param: DDR3_DATA6_MAP ==> 96'h023_027_022_029_024_025_028_026
MIG: 18:54:32 :  Invalid Param: DDR3_DATA7_MAP ==> 96'h039_037_033_032_035_034_038_036
MIG: 18:54:32 :  Invalid Param: DDR3_DATA8_MAP ==> 96'h000_000_000_000_000_000_000_000
MIG: 18:54:32 :  Invalid Param: DDR3_DATA9_MAP ==> 96'h000_000_000_000_000_000_000_000
MIG: 18:54:32 :  Invalid Param: DDR3_DATA10_MAP ==> 96'h000_000_000_000_000_000_000_000
MIG: 18:54:32 :  Invalid Param: DDR3_DATA11_MAP ==> 96'h000_000_000_000_000_000_000_000
MIG: 18:54:32 :  Invalid Param: DDR3_DATA12_MAP ==> 96'h000_000_000_000_000_000_000_000
MIG: 18:54:32 :  Invalid Param: DDR3_DATA13_MAP ==> 96'h000_000_000_000_000_000_000_000
MIG: 18:54:32 :  Invalid Param: DDR3_DATA14_MAP ==> 96'h000_000_000_000_000_000_000_000
MIG: 18:54:32 :  Invalid Param: DDR3_DATA15_MAP ==> 96'h000_000_000_000_000_000_000_000
MIG: 18:54:32 :  Invalid Param: DDR3_DATA16_MAP ==> 96'h000_000_000_000_000_000_000_000
MIG: 18:54:32 :  Invalid Param: DDR3_DATA17_MAP ==> 96'h000_000_000_000_000_000_000_000
MIG: 18:54:32 :  Invalid Param: DDR3_MASK0_MAP ==> 108'h000_031_021_011_001_231_221_211_201
MIG: 18:54:32 :  Invalid Param: DDR3_MASK1_MAP ==> 108'h000_000_000_000_000_000_000_000_000
MIG: 18:54:32 :  Invalid Param: DDR3_SLOT_0_CONFIG ==> 8'b0000_0001
MIG: 18:54:32 :  Invalid Param: DDR3_SLOT_1_CONFIG ==> 8'b0000_0000
MIG: 18:54:32 :  Invalid Param: DDR3_IBUF_LPWR_MODE ==> "OFF"
MIG: 18:54:32 :  Invalid Param: DDR3_DATA_IO_IDLE_PWRDWN ==> "ON"
MIG: 18:54:32 :  Invalid Param: DDR3_BANK_TYPE ==> "HP_IO"
MIG: 18:54:32 :  Invalid Param: DDR3_DATA_IO_PRIM_TYPE ==> "HP_LP"
MIG: 18:54:32 :  Invalid Param: DDR3_CKE_ODT_AUX ==> "FALSE"
MIG: 18:54:32 :  Invalid Param: DDR3_USER_REFRESH ==> "OFF"
MIG: 18:54:32 :  Invalid Param: DDR3_WRLVL ==> "ON"
MIG: 18:54:32 :  Invalid Param: DDR3_ORDERING ==> "NORM"
MIG: 18:54:32 :  Invalid Param: DDR3_CALIB_ROW_ADD ==> 16'h0000
MIG: 18:54:32 :  Invalid Param: DDR3_CALIB_COL_ADD ==> 12'h000
MIG: 18:54:32 :  Invalid Param: DDR3_CALIB_BA_ADD ==> 3'h0
MIG: 18:54:32 :  Invalid Param: DDR3_TCQ ==> 100
MIG: 18:54:32 :  Invalid Param: DDR3_IODELAY_GRP ==> "JTAG_DBG_BLOCK_MIG_7SERIES_0_0_IODELAY_MIG"
MIG: 18:54:32 :  Invalid Param: DDR3_SYSCLK_TYPE ==> "DIFFERENTIAL"
MIG: 18:54:32 :  Invalid Param: DDR3_REFCLK_TYPE ==> "USE_SYSTEM_CLOCK"
MIG: 18:54:32 :  Invalid Param: DDR3_SYS_RST_PORT ==> "FALSE"
MIG: 18:54:32 :  Invalid Param: DDR3_CMD_PIPE_PLUS1 ==> "ON"
MIG: 18:54:32 :  Invalid Param: DDR3_DRAM_TYPE ==> "DDR3"
MIG: 18:54:32 :  Invalid Param: DDR3_CAL_WIDTH ==> "HALF"
MIG: 18:54:32 :  Invalid Param: DDR3_STARVE_LIMIT ==> 2
MIG: 18:54:32 :  Invalid Param: DDR3_REFCLK_FREQ ==> 200.0
MIG: 18:54:32 :  Invalid Param: DDR3_DIFF_TERM_REFCLK ==> "TRUE"
MIG: 18:54:32 :  Invalid Param: DDR3_tCK ==> 1250
MIG: 18:54:32 : 
MIG: 18:54:32 :  Valid Param: DDR3_nCK_PER_CLK ==> 4
MIG: 18:54:32 :  Invalid Param: DDR3_DIFF_TERM_SYSCLK ==> "FALSE"
MIG: 18:54:32 : 
MIG: 18:54:32 :  Valid Param: UI_EXTRA_CLOCKS ==> FALSE
MIG: 18:54:32 : 4
MIG: 18:54:32 :  Valid Param: C_S_AXI_ID_WIDTH ==> 4
MIG: 18:54:32 : 
MIG: 18:54:32 :  Valid Param: C_S_AXI_MEM_SIZE ==> 1073741824
MIG: 18:54:32 : 
MIG: 18:54:32 :  Valid Param: C_S_AXI_ADDR_WIDTH ==> 30
MIG: 18:54:32 : 
MIG: 18:54:32 :  Valid Param: C_S_AXI_DATA_WIDTH ==> 512
MIG: 18:54:32 :  Invalid Param: DDR3_C_MC_nCK_PER_CLK ==> 4
MIG: 18:54:32 :  Invalid Param: C_S_AXI_SUPPORTS_NARROW_BURST ==> 1
MIG: 18:54:32 :  Invalid Param: DDR3_C_RD_WR_ARB_ALGORITHM ==> "RD_PRI_REG"
MIG: 18:54:32 :  Invalid Param: C_S_AXI_REG_EN0 ==> 20'h00000
MIG: 18:54:32 :  Invalid Param: C_S_AXI_REG_EN1 ==> 20'h00000
MIG: 18:54:32 : 
MIG: 18:54:32 :  Valid Param: C_S_AXI_CTRL_ADDR_WIDTH ==> 32
MIG: 18:54:32 : 
MIG: 18:54:32 :  Valid Param: C_S_AXI_CTRL_DATA_WIDTH ==> 32
MIG: 18:54:32 :  Invalid Param: C_S_AXI_BASEADDR ==> 32'h0000_0000
MIG: 18:54:32 :  Invalid Param: C_ECC_ONOFF_RESET_VALUE ==> 1
MIG: 18:54:32 :  Invalid Param: C_ECC_CE_COUNTER_WIDTH ==> 8
MIG: 18:54:32 : 
MIG: 18:54:32 :  Valid Param: DDR3_DEBUG_PORT ==> OFF
MIG: 18:54:32 : 
MIG: 18:54:32 :  Invalid Param: DDR3_TEMP_MON_CONTROL ==> "INTERNAL"
MIG: 18:54:32 :  Invalid Param: DDR3_RST_ACT_LOW ==> 0
MIG: 18:54:32 : 
MIG: 18:54:32 : 
MIG: 18:54:32 : 
MIG: 18:54:32 : Same Interface
MIG: 18:54:34 : xml_input_file: mig_a.prj
MIG: 18:54:34 : abs: /home/sanjayr/projects/KC705/JTAG_VIO_AXI_DEBUGGER/Vivado_2013.3_test/axi_jtag_debugger_IPI_example/vivado_prj/project_X/project_X.srcs/sources_1/bd/jtag_dbg_block/ip/jtag_dbg_block_mig_7series_0_0/mig_a.prj
MIG: 18:56:40 : Running synthesis.xit
MIG: 18:56:40 : IGN:     <ModuleName>jtag_dbg_block_mig_7series_0_0</ModuleName> <==>     <ModuleName>jtag_dbg_block_mig_7series_0_0</ModuleName> 
MIG: 18:56:40 : IGN:         <InputClkFreq>200</InputClkFreq> <==>         <InputClkFreq>200</InputClkFreq> 
MIG: 18:56:40 : ERR:             <C0_S_AXI_ID_WIDTH>4</C0_S_AXI_ID_WIDTH> <==>             <C0_S_AXI_ID_WIDTH>1</C0_S_AXI_ID_WIDTH> 
MIG: 18:56:40 : ################# RUNNING MIG BATCH ###################
MIG: 18:56:40 : Writing IN file for 'jtag_dbg_block_mig_7series_0_0'...compDirPath: /home/applications/Xilinx/Vivado/2013.3/data/ip/xilinx/mig_7series_v2_0... instDirPath: /home/sanjayr/projects/KC705/JTAG_VIO_AXI_DEBUGGER/Vivado_2013.3_test/axi_jtag_debugger_IPI_example/vivado_prj/project_X/project_X.srcs/sources_1/bd/jtag_dbg_block/ip/jtag_dbg_block_mig_7series_0_0
MIG: 18:56:40 : synp_flow:  -- synthesis_mode: Other
MIG: 18:56:40 : outputDirectory: /home/sanjayr/projects/KC705/JTAG_VIO_AXI_DEBUGGER/Vivado_2013.3_test/axi_jtag_debugger_IPI_example/vivado_prj/project_X/project_X.srcs/sources_1/bd/jtag_dbg_block/ip/jtag_dbg_block_mig_7series_0_0/_tmp/
MIG: 18:56:40 : vivado_mode: xpg_bd
MIG: 18:56:40 : isPortInterface: 0
MIG: 18:56:40 : isPortInterface: 0
MIG: 18:56:40 : isPortInterface: 0
MIG: 18:56:40 : isPortInterface: 0
MIG: 18:56:40 : isPortInterface: 0
MIG: 18:56:40 : isPortInterface: 0
MIG: 18:56:40 : isPortInterface: 0
MIG: 18:56:40 : isPortInterface: 0
MIG: 18:56:40 : isPortInterface: 0
MIG: 18:56:40 : isPortInterface: 0
MIG: 18:56:40 : isPortInterface: 0
MIG: 18:56:40 : isPortInterface: 0
MIG: 18:56:40 : isPortInterface: 0
MIG: 18:56:40 : isPortInterface: 0
MIG: 18:56:40 : isPortInterface: 0
MIG: 18:56:40 : isPortInterface: 0
MIG: 18:56:40 : isPortInterface: 0
MIG: 18:56:40 : isPortInterface: 0
MIG: 18:56:40 : isPortInterface: 0
MIG: 18:56:40 : isPortInterface: 0
MIG: 18:56:40 : isPortInterface: 0
MIG: 18:56:40 : isPortInterface: 0
MIG: 18:56:40 : isPortInterface: 0
MIG: 18:56:40 : isPortInterface: 0
MIG: 18:56:40 : isPortInterface: 0
MIG: 18:56:40 : isPortInterface: 0
MIG: 18:56:40 : isPortInterface: 0
MIG: 18:56:40 : isPortInterface: 0
MIG: 18:56:40 : isPortInterface: 0
MIG: 18:56:40 : isPortInterface: 0
MIG: 18:56:40 : isPortInterface: 0
MIG: 18:56:40 : isPortInterface: 0
MIG: 18:56:40 : isPortInterface: 0
MIG: 18:56:40 : isPortInterface: 0
MIG: 18:56:40 : isPortInterface: 0
MIG: 18:56:40 : isPortInterface: 0
MIG: 18:56:40 : isPortInterface: 0
MIG: 18:56:40 : isPortInterface: 0
MIG: 18:56:40 : isPortInterface: 0
MIG: 18:56:40 : isPortInterface: 0
MIG: 18:56:40 : isPortInterface: 0
MIG: 18:56:40 : isPortInterface: 0
MIG: 18:56:40 : isPortInterface: 0
MIG: 18:56:40 : isPortInterface: 0
MIG: 18:56:40 : isPortInterface: 0
MIG: 18:56:40 : isPortInterface: 0
MIG: 18:56:40 : isPortInterface: 0
MIG: 18:56:40 : isPortInterface: 0
MIG: 18:56:40 : isPortInterface: 0
MIG: 18:56:40 : isPortInterface: 0
MIG: 18:56:40 : isPortInterface: 0
MIG: 18:56:40 : isPortInterface: 0
MIG: 18:56:40 : isPortInterface: 0
MIG: 18:56:40 : isPortInterface: 0
MIG: 18:56:40 : isPortInterface: 0
MIG: 18:56:40 : isPortInterface: 0
MIG: 18:56:40 : isPortInterface: 0
MIG: 18:56:40 : isPortInterface: 0
MIG: 18:56:40 : isPortInterface: 0
MIG: 18:56:40 : isPortInterface: 0
MIG: 18:56:40 : isPortInterface: 0
MIG: 18:56:40 : isPortInterface: 0
MIG: 18:56:40 : isPortInterface: 0
MIG: 18:56:40 : isPortInterface: 0
MIG: 18:56:40 : isPortInterface: 0
MIG: 18:56:40 : isPortInterface: 0
MIG: 18:56:40 : isPortInterface: 0
MIG: 18:56:40 : isPortInterface: 0
MIG: 18:56:40 : isPortInterface: 0
MIG: 18:56:40 : isPortInterface: 0
MIG: 18:56:40 : isPortInterface: 0
MIG: 18:56:40 : isPortInterface: 0
MIG: 18:56:40 : isPortInterface: 0
MIG: 18:56:40 : isPortInterface: 0
MIG: 18:56:40 : isPortInterface: 0
MIG: 18:56:40 : isPortInterface: 0
MIG: 18:56:40 : isPortInterface: 0
MIG: 18:56:40 : isPortInterface: 0
MIG: 18:56:40 : isPortInterface: 0
MIG: 18:56:40 : isPortInterface: 0
MIG: 18:56:40 : isPortInterface: 0
MIG: 18:56:40 : isPortInterface: 0
MIG: 18:56:40 : isPortInterface: 0
MIG: 18:56:40 : isPortInterface: 0
MIG: 18:56:40 : isPortInterface: 0
MIG: 18:56:40 : isPortInterface: 0
MIG: 18:56:40 : isPortInterface: 0
MIG: 18:56:40 : isPortInterface: 0
MIG: 18:56:40 : isPortInterface: 0
MIG: 18:56:40 : isPortInterface: 0
MIG: 18:56:40 : isPortInterface: 0
MIG: 18:56:40 : isPortInterface: 0
MIG: 18:56:40 : isPortInterface: 0
MIG: 18:56:40 : isPortInterface: 0
MIG: 18:56:40 : isPortInterface: 0
MIG: 18:56:40 : isPortInterface: 0
MIG: 18:56:40 : isPortInterface: 0
MIG: 18:56:40 : isPortInterface: 0
MIG: 18:56:40 : isPortInterface: 0
MIG: 18:56:40 : isPortInterface: 0
MIG: 18:56:40 : isPortInterface: 0
MIG: 18:56:40 : isPortInterface: 0
MIG: 18:56:40 : isPortInterface: 0
MIG: 18:56:40 : isPortInterface: 0
MIG: 18:56:40 : isPortInterface: 0
MIG: 18:56:40 : isPortInterface: 0
MIG: 18:56:40 : isPortInterface: 0
MIG: 18:56:40 : isPortInterface: 0
MIG: 18:56:40 : isPortInterface: 0
MIG: 18:56:40 : isPortInterface: 0
MIG: 18:56:40 : isPortInterface: 0
MIG: 18:56:40 : isPortInterface: 0
MIG: 18:56:40 : isPortInterface: 0
MIG: 18:56:40 : isPortInterface: 0
MIG: 18:56:40 : isPortInterface: 0
MIG: 18:56:40 : isPortInterface: 0
MIG: 18:56:40 : isPortInterface: 0
MIG: 18:56:40 : isPortInterface: 0
MIG: 18:56:40 : isPortInterface: 0
MIG: 18:56:40 : isPortInterface: 0
MIG: 18:56:40 : isPortInterface: 0
MIG: 18:56:40 : isPortInterface: 0
MIG: 18:56:40 : isPortInterface: 0
MIG: 18:56:40 : isPortInterface: 0
MIG: 18:56:40 : isPortInterface: 0
MIG: 18:56:40 : isPortInterface: 0
MIG: 18:56:40 : isPortInterface: 0
MIG: 18:56:40 : isPortInterface: 0
MIG: 18:56:40 : isPortInterface: 0
MIG: 18:56:40 : isPortInterface: 0
MIG: 18:56:40 : isPortInterface: 0
MIG: 18:56:40 : isPortInterface: 0
MIG: 18:56:40 : isPortInterface: 0
MIG: 18:56:40 : isPortInterface: 0
MIG: 18:56:40 : isPortInterface: 0
MIG: 18:56:40 : isPortInterface: 0
MIG: 18:56:40 : isPortInterface: 0
MIG: 18:56:40 : isPortInterface: 0
MIG: 18:56:40 : isPortInterface: 0
MIG: 18:56:40 : isPortInterface: 0
MIG: 18:56:40 : isPortInterface: 0
MIG: 18:56:40 : isPortInterface: 0
MIG: 18:56:40 : isPortInterface: 0
MIG: 18:56:40 : isPortInterface: 0
MIG: 18:56:40 : isPortInterface: 0
MIG: 18:56:40 : isPortInterface: 0
MIG: 18:56:40 : isPortInterface: 0
MIG: 18:56:40 : isPortInterface: 0
MIG: 18:56:40 : isPortInterface: 0
MIG: 18:56:40 : isPortInterface: 0
MIG: 18:56:40 : isPortInterface: 0
MIG: 18:56:40 : isPortInterface: 0
MIG: 18:56:40 : isPortInterface: 0
MIG: 18:56:40 : isPortInterface: 0
MIG: 18:56:40 : isPortInterface: 0
MIG: 18:56:40 : isPortInterface: 0
MIG: 18:56:40 : isPortInterface: 0
MIG: 18:56:40 : isPortInterface: 0
MIG: 18:56:40 : isPortInterface: 0
MIG: 18:56:40 : isPortInterface: 0
MIG: 18:56:40 : isPortInterface: 0
MIG: 18:56:40 : isPortInterface: 0
MIG: 18:56:40 : isPortInterface: 0
MIG: 18:56:40 : isPortInterface: 0
MIG: 18:56:40 : isPortInterface: 0
MIG: 18:56:40 : isPortInterface: 0
MIG: 18:56:40 : isPortInterface: 0
MIG: 18:56:40 : isPortInterface: 0
MIG: 18:56:40 : isPortInterface: 0
MIG: 18:56:40 : isPortInterface: 0
MIG: 18:56:40 : isPortInterface: 0
MIG: 18:56:40 : isPortInterface: 0
MIG: 18:56:40 : isPortInterface: 0
MIG: 18:56:40 : isPortInterface: 0
MIG: 18:56:40 : isPortInterface: 0
MIG: 18:56:40 : isPortInterface: 0
MIG: 18:56:40 : isPortInterface: 0
MIG: 18:56:40 : isPortInterface: 0
MIG: 18:56:40 : isPortInterface: 0
MIG: 18:56:40 : isPortInterface: 0
MIG: 18:56:40 : isPortInterface: 0
MIG: 18:56:40 : isPortInterface: 0
MIG: 18:56:40 : isPortInterface: 0
MIG: 18:56:40 : isPortInterface: 0
MIG: 18:56:40 : isPortInterface: 0
MIG: 18:56:40 : isPortInterface: 0
MIG: 18:56:40 : isPortInterface: 0
MIG: 18:56:40 : isPortInterface: 0
MIG: 18:56:40 : isPortInterface: 0
MIG: 18:56:40 : isPortInterface: 0
MIG: 18:56:40 : isPortInterface: 0
MIG: 18:56:40 : isPortInterface: 1
MIG: 18:56:40 : isPortInterface: 0
MIG: 18:56:40 : isPortInterface: 0
MIG: 18:56:40 : isPortInterface: 0
MIG: 18:56:40 : isPortInterface: 0
MIG: 18:56:40 : isPortInterface: 0
MIG: 18:56:40 : isPortInterface: 0
MIG: 18:56:40 : isPortInterface: 0
MIG: 18:56:40 : isPortInterface: 0
MIG: 18:56:40 : isPortInterface: 0
MIG: 18:56:40 : isPortInterface: 0
MIG: 18:56:40 : HDL Language: Verilog
MIG: 18:56:40 : compInfo: false
MIG: 18:56:40 : Vivado Options xc7k325t ffg900 -2
MIG: 18:56:40 : 1: xc7k325t 2: ffg900 3: -2
MIG: 18:56:40 : Running /home/applications/Xilinx/Vivado/2013.3/ids_lite/ISE/coregen/ip/xilinx/other/com/xilinx/ip/mig_7series_v2_0/bin/lin64/mig -cg_exc_inp /home/sanjayr/projects/KC705/JTAG_VIO_AXI_DEBUGGER/Vivado_2013.3_test/axi_jtag_debugger_IPI_example/vivado_prj/project_X/project_X.srcs/sources_1/bd/jtag_dbg_block/ip/jtag_dbg_block_mig_7series_0_0/xil_txt.in -cg_exc_out /home/sanjayr/projects/KC705/JTAG_VIO_AXI_DEBUGGER/Vivado_2013.3_test/axi_jtag_debugger_IPI_example/vivado_prj/project_X/project_X.srcs/sources_1/bd/jtag_dbg_block/ip/jtag_dbg_block_mig_7series_0_0/xil_txt.out ... 
MIG: 18:56:49 : XML_INPUT_FILE: /home/sanjayr/projects/KC705/JTAG_VIO_AXI_DEBUGGER/Vivado_2013.3_test/axi_jtag_debugger_IPI_example/vivado_prj/project_X/project_X.srcs/sources_1/bd/jtag_dbg_block/ip/jtag_dbg_block_mig_7series_0_0/mig_a.prj
MIG: 18:56:49 : Component_Name: jtag_dbg_block_mig_7series_0_0
MIG: 18:56:49 : Moving jtag_dbg_block_mig_7series_0_0.veo ...
MIG: 18:56:49 : Moving jtag_dbg_block_mig_7series_0_0_xmdf.tcl ...
MIG: 18:56:49 : Moving jtag_dbg_block_mig_7series_0_0 ...
MIG: 18:56:49 : Added 85  files from /home/sanjayr/projects/KC705/JTAG_VIO_AXI_DEBUGGER/Vivado_2013.3_test/axi_jtag_debugger_IPI_example/vivado_prj/project_X/project_X.srcs/sources_1/bd/jtag_dbg_block/ip/jtag_dbg_block_mig_7series_0_0/jtag_dbg_block_mig_7series_0_0/user_design/rtl/*/*.v /home/sanjayr/projects/KC705/JTAG_VIO_AXI_DEBUGGER/Vivado_2013.3_test/axi_jtag_debugger_IPI_example/vivado_prj/project_X/project_X.srcs/sources_1/bd/jtag_dbg_block/ip/jtag_dbg_block_mig_7series_0_0/jtag_dbg_block_mig_7series_0_0/user_design/rtl/*/*.vhd /home/sanjayr/projects/KC705/JTAG_VIO_AXI_DEBUGGER/Vivado_2013.3_test/axi_jtag_debugger_IPI_example/vivado_prj/project_X/project_X.srcs/sources_1/bd/jtag_dbg_block/ip/jtag_dbg_block_mig_7series_0_0/jtag_dbg_block_mig_7series_0_0/user_design/rtl/*/*/*.v /home/sanjayr/projects/KC705/JTAG_VIO_AXI_DEBUGGER/Vivado_2013.3_test/axi_jtag_debugger_IPI_example/vivado_prj/project_X/project_X.srcs/sources_1/bd/jtag_dbg_block/ip/jtag_dbg_block_mig_7series_0_0/jtag_dbg_block_mig_7series_0_0/user_design/rtl/*/*/*.vhd /home/sanjayr/projects/KC705/JTAG_VIO_AXI_DEBUGGER/Vivado_2013.3_test/axi_jtag_debugger_IPI_example/vivado_prj/project_X/project_X.srcs/sources_1/bd/jtag_dbg_block/ip/jtag_dbg_block_mig_7series_0_0/jtag_dbg_block_mig_7series_0_0/user_design/constraints/*.xdc ..
MIG: 18:56:49 : Running vlog_synth_rpr.xit
MIG: 18:56:49 : IGN:     <ModuleName>jtag_dbg_block_mig_7series_0_0</ModuleName> <==>     <ModuleName>jtag_dbg_block_mig_7series_0_0</ModuleName> 
MIG: 18:56:49 : IGN:         <InputClkFreq>200</InputClkFreq> <==>         <InputClkFreq>200</InputClkFreq> 
MIG: 18:56:49 : Added 1  files from /home/sanjayr/projects/KC705/JTAG_VIO_AXI_DEBUGGER/Vivado_2013.3_test/axi_jtag_debugger_IPI_example/vivado_prj/project_X/project_X.srcs/sources_1/bd/jtag_dbg_block/ip/jtag_dbg_block_mig_7series_0_0/jtag_dbg_block_mig_7series_0_0/user_design/rtl/jtag_dbg_block_mig_7series_0_0.v ..
MIG: 18:56:49 : Running implementation.xit
MIG: 18:56:49 : IGN:     <ModuleName>jtag_dbg_block_mig_7series_0_0</ModuleName> <==>     <ModuleName>jtag_dbg_block_mig_7series_0_0</ModuleName> 
MIG: 18:56:49 : IGN:         <InputClkFreq>200</InputClkFreq> <==>         <InputClkFreq>200</InputClkFreq> 
MIG: 18:56:49 : Added 1  files from /home/sanjayr/projects/KC705/JTAG_VIO_AXI_DEBUGGER/Vivado_2013.3_test/axi_jtag_debugger_IPI_example/vivado_prj/project_X/project_X.srcs/sources_1/bd/jtag_dbg_block/ip/jtag_dbg_block_mig_7series_0_0/jtag_dbg_block_mig_7series_0_0/user_design/constraints/*.xdc ..
MIG: 18:56:49 : Running vlog_synth_rpr.xit
MIG: 18:56:49 : IGN:     <ModuleName>jtag_dbg_block_mig_7series_0_0</ModuleName> <==>     <ModuleName>jtag_dbg_block_mig_7series_0_0</ModuleName> 
MIG: 18:56:49 : IGN:         <InputClkFreq>200</InputClkFreq> <==>         <InputClkFreq>200</InputClkFreq> 
MIG: 18:56:49 : Added 1  files from /home/sanjayr/projects/KC705/JTAG_VIO_AXI_DEBUGGER/Vivado_2013.3_test/axi_jtag_debugger_IPI_example/vivado_prj/project_X/project_X.srcs/sources_1/bd/jtag_dbg_block/ip/jtag_dbg_block_mig_7series_0_0/jtag_dbg_block_mig_7series_0_0/user_design/rtl/jtag_dbg_block_mig_7series_0_0.v ..
MIG: 18:56:50 : Running simulation.xit
MIG: 18:56:50 : IGN:     <ModuleName>jtag_dbg_block_mig_7series_0_0</ModuleName> <==>     <ModuleName>jtag_dbg_block_mig_7series_0_0</ModuleName> 
MIG: 18:56:50 : IGN:         <InputClkFreq>200</InputClkFreq> <==>         <InputClkFreq>200</InputClkFreq> 
MIG: 18:56:50 : Added 89  files from /home/sanjayr/projects/KC705/JTAG_VIO_AXI_DEBUGGER/Vivado_2013.3_test/axi_jtag_debugger_IPI_example/vivado_prj/project_X/project_X.srcs/sources_1/bd/jtag_dbg_block/ip/jtag_dbg_block_mig_7series_0_0/jtag_dbg_block_mig_7series_0_0/user_design/rtl/*/*.v /home/sanjayr/projects/KC705/JTAG_VIO_AXI_DEBUGGER/Vivado_2013.3_test/axi_jtag_debugger_IPI_example/vivado_prj/project_X/project_X.srcs/sources_1/bd/jtag_dbg_block/ip/jtag_dbg_block_mig_7series_0_0/jtag_dbg_block_mig_7series_0_0/example_design/*/*/*.v /home/sanjayr/projects/KC705/JTAG_VIO_AXI_DEBUGGER/Vivado_2013.3_test/axi_jtag_debugger_IPI_example/vivado_prj/project_X/project_X.srcs/sources_1/bd/jtag_dbg_block/ip/jtag_dbg_block_mig_7series_0_0/jtag_dbg_block_mig_7series_0_0/user_design/rtl/*/*.vhd /home/sanjayr/projects/KC705/JTAG_VIO_AXI_DEBUGGER/Vivado_2013.3_test/axi_jtag_debugger_IPI_example/vivado_prj/project_X/project_X.srcs/sources_1/bd/jtag_dbg_block/ip/jtag_dbg_block_mig_7series_0_0/jtag_dbg_block_mig_7series_0_0/example_design/*/*/*.vhd ..
MIG: 18:56:50 : Running vlog_sim_rpr.xit
MIG: 18:56:50 : IGN:     <ModuleName>jtag_dbg_block_mig_7series_0_0</ModuleName> <==>     <ModuleName>jtag_dbg_block_mig_7series_0_0</ModuleName> 
MIG: 18:56:50 : IGN:         <InputClkFreq>200</InputClkFreq> <==>         <InputClkFreq>200</InputClkFreq> 
MIG: 18:56:50 : Added 1  files from /home/sanjayr/projects/KC705/JTAG_VIO_AXI_DEBUGGER/Vivado_2013.3_test/axi_jtag_debugger_IPI_example/vivado_prj/project_X/project_X.srcs/sources_1/bd/jtag_dbg_block/ip/jtag_dbg_block_mig_7series_0_0/jtag_dbg_block_mig_7series_0_0/user_design/rtl/jtag_dbg_block_mig_7series_0_0_sim.v ..
MIG: 18:56:50 : Running vlog_sim_rpr.xit
MIG: 18:56:50 : IGN:     <ModuleName>jtag_dbg_block_mig_7series_0_0</ModuleName> <==>     <ModuleName>jtag_dbg_block_mig_7series_0_0</ModuleName> 
MIG: 18:56:50 : IGN:         <InputClkFreq>200</InputClkFreq> <==>         <InputClkFreq>200</InputClkFreq> 
MIG: 18:56:50 : Added 1  files from /home/sanjayr/projects/KC705/JTAG_VIO_AXI_DEBUGGER/Vivado_2013.3_test/axi_jtag_debugger_IPI_example/vivado_prj/project_X/project_X.srcs/sources_1/bd/jtag_dbg_block/ip/jtag_dbg_block_mig_7series_0_0/jtag_dbg_block_mig_7series_0_0/user_design/rtl/jtag_dbg_block_mig_7series_0_0_sim.v ..
